#
# There is insufficient memory for the Java Runtime Environment to continue.
# Native memory allocation (malloc) failed to allocate 2031696 bytes for Chunk::new
# Possible reasons:
#   The system is out of physical RAM or swap space
#   The process is running with CompressedOops enabled, and the Java Heap may be blocking the growth of the native heap
# Possible solutions:
#   Reduce memory load on the system
#   Increase physical memory or swap space
#   Check if swap backing store is full
#   Decrease Java heap size (-Xmx/-Xms)
#   Decrease number of Java threads
#   Decrease Java thread stack sizes (-Xss)
#   Set larger code cache with -XX:ReservedCodeCacheSize=
#   JVM is running with Unscaled Compressed Oops mode in which the Java heap is
#     placed in the first 4GB address space. The Java Heap base address is the
#     maximum limit for the native heap growth. Please use -XX:HeapBaseMinAddress
#     to set the Java Heap base and to place the Java Heap above 4GB virtual address.
# This output file may be truncated or incomplete.
#
#  Out of Memory Error (arena.cpp:189), pid=16564, tid=23880
#
# JRE version: Java(TM) SE Runtime Environment (17.0.16+12) (build 17.0.16+12-LTS-247)
# Java VM: Java HotSpot(TM) 64-Bit Server VM (17.0.16+12-LTS-247, mixed mode, sharing, tiered, compressed oops, compressed class ptrs, g1 gc, windows-amd64)
# No core dump will be written. Minidumps are not enabled by default on client versions of Windows
#

---------------  S U M M A R Y ------------

Command Line: --add-opens=java.base/java.lang=ALL-UNNAMED --add-opens=java.base/java.lang.invoke=ALL-UNNAMED --add-opens=java.base/java.util=ALL-UNNAMED --add-opens=java.prefs/java.util.prefs=ALL-UNNAMED --add-exports=jdk.compiler/com.sun.tools.javac.api=ALL-UNNAMED --add-exports=jdk.compiler/com.sun.tools.javac.util=ALL-UNNAMED --add-opens=java.base/java.util=ALL-UNNAMED --add-opens=java.prefs/java.util.prefs=ALL-UNNAMED --add-opens=java.base/java.nio.charset=ALL-UNNAMED --add-opens=java.base/java.net=ALL-UNNAMED --add-opens=java.base/java.util.concurrent=ALL-UNNAMED --add-opens=java.base/java.util.concurrent.atomic=ALL-UNNAMED --add-opens=java.xml/javax.xml.namespace=ALL-UNNAMED -XX:MaxMetaspaceSize=512m -Xmx2048m -Dfile.encoding=windows-1252 -Duser.country=US -Duser.language=en -Duser.variant -javaagent:C:\Users\suresh\.gradle\wrapper\dists\gradle-9.0.0-bin\d6wjpkvcgsg3oed0qlfss3wgl\gradle-9.0.0\lib\agents\gradle-instrumentation-agent-9.0.0.jar org.gradle.launcher.daemon.bootstrap.GradleDaemon 9.0.0

Host: 12th Gen Intel(R) Core(TM) i5-1240P, 16 cores, 7G,  Windows 11 , 64 bit Build 26100 (10.0.26100.7623)
Time: Fri Jan 23 12:02:56 2026 India Standard Time elapsed time: 10.940677 seconds (0d 0h 0m 10s)

---------------  T H R E A D  ---------------

Current thread (0x000002717bf26cd0):  JavaThread "C2 CompilerThread0" daemon [_thread_in_native, id=23880, stack(0x000000837c400000,0x000000837c500000)]


Current CompileTask:
C2:  10940 3843   !   4       java.net.URLClassLoader::findClass (47 bytes)

Stack: [0x000000837c400000,0x000000837c500000]
Native frames: (J=compiled Java code, j=interpreted, Vv=VM code, C=native code)
V  [jvm.dll+0x67a46a]
V  [jvm.dll+0x7da77d]
V  [jvm.dll+0x7dc0c3]
V  [jvm.dll+0x7dc733]
V  [jvm.dll+0x24523f]
V  [jvm.dll+0xab763]
V  [jvm.dll+0xabd2c]
V  [jvm.dll+0x361ebf]
V  [jvm.dll+0x32c5e1]
V  [jvm.dll+0x32ba7a]
V  [jvm.dll+0x2169ef]
V  [jvm.dll+0x215e1f]
V  [jvm.dll+0x1a2a00]
V  [jvm.dll+0x2262bb]
V  [jvm.dll+0x22445b]
V  [jvm.dll+0x790b9c]
V  [jvm.dll+0x78b18a]
V  [jvm.dll+0x679355]
C  [ucrtbase.dll+0x37b0]
C  [KERNEL32.DLL+0x2e8d7]
C  [ntdll.dll+0x8c53c]


---------------  P R O C E S S  ---------------

Threads class SMR info:
_java_thread_list=0x000002717f6356f0, length=38, elements={
0x000002716cbeffc0, 0x000002717bf069a0, 0x000002717bf07460, 0x000002717bf1e270,
0x000002717bf20b40, 0x000002717bf21400, 0x000002717bf260e0, 0x000002717bf26cd0,
0x000002717bf27680, 0x000002717bf31fd0, 0x000002717bf4e760, 0x000002717bef3990,
0x000002717cc7da90, 0x000002717cd849e0, 0x000002717dc2e030, 0x000002717dc52e50,
0x000002717dc53630, 0x000002717d73faa0, 0x000002717dcede80, 0x000002717e813f70,
0x000002717eeda810, 0x000002717ee0ac80, 0x000002717ed5b9a0, 0x000002717ed5a190,
0x000002717ed60770, 0x000002717ed5a660, 0x000002717ed5b000, 0x000002717ed5be70,
0x000002717ed5c340, 0x000002717ed5c810, 0x000002712e1f8980, 0x000002717ed5cce0,
0x000002717ed59320, 0x000002717ed5ab30, 0x000002717ed59cc0, 0x000002717ed597f0,
0x000002717f5aa750, 0x000002717f5aa280
}

Java Threads: ( => current thread )
  0x000002716cbeffc0 JavaThread "main" [_thread_blocked, id=24152, stack(0x000000837b700000,0x000000837b800000)]
  0x000002717bf069a0 JavaThread "Reference Handler" daemon [_thread_blocked, id=8272, stack(0x000000837be00000,0x000000837bf00000)]
  0x000002717bf07460 JavaThread "Finalizer" daemon [_thread_blocked, id=11332, stack(0x000000837bf00000,0x000000837c000000)]
  0x000002717bf1e270 JavaThread "Signal Dispatcher" daemon [_thread_blocked, id=22112, stack(0x000000837c000000,0x000000837c100000)]
  0x000002717bf20b40 JavaThread "Attach Listener" daemon [_thread_blocked, id=14676, stack(0x000000837c100000,0x000000837c200000)]
  0x000002717bf21400 JavaThread "Service Thread" daemon [_thread_blocked, id=10576, stack(0x000000837c200000,0x000000837c300000)]
  0x000002717bf260e0 JavaThread "Monitor Deflation Thread" daemon [_thread_blocked, id=16560, stack(0x000000837c300000,0x000000837c400000)]
=>0x000002717bf26cd0 JavaThread "C2 CompilerThread0" daemon [_thread_in_native, id=23880, stack(0x000000837c400000,0x000000837c500000)]
  0x000002717bf27680 JavaThread "C1 CompilerThread0" daemon [_thread_blocked, id=18828, stack(0x000000837c500000,0x000000837c600000)]
  0x000002717bf31fd0 JavaThread "Sweeper thread" daemon [_thread_blocked, id=7120, stack(0x000000837c600000,0x000000837c700000)]
  0x000002717bf4e760 JavaThread "C1 CompilerThread1" daemon [_thread_blocked, id=5240, stack(0x000000837c700000,0x000000837c800000)]
  0x000002717bef3990 JavaThread "Common-Cleaner" daemon [_thread_blocked, id=15508, stack(0x000000837c800000,0x000000837c900000)]
  0x000002717cc7da90 JavaThread "C1 CompilerThread2" daemon [_thread_blocked, id=27332, stack(0x000000837c900000,0x000000837ca00000)]
  0x000002717cd849e0 JavaThread "Notification Thread" daemon [_thread_blocked, id=24300, stack(0x000000837cc00000,0x000000837cd00000)]
  0x000002717dc2e030 JavaThread "Daemon health stats" [_thread_blocked, id=13328, stack(0x000000837d300000,0x000000837d400000)]
  0x000002717dc52e50 JavaThread "Incoming local TCP Connector on port 60721" [_thread_in_native, id=13604, stack(0x000000837d400000,0x000000837d500000)]
  0x000002717dc53630 JavaThread "Daemon periodic checks" [_thread_blocked, id=24016, stack(0x000000837d500000,0x000000837d600000)]
  0x000002717d73faa0 JavaThread "Daemon" [_thread_blocked, id=18920, stack(0x000000837ca00000,0x000000837cb00000)]
  0x000002717dcede80 JavaThread "Handler for socket connection from /127.0.0.1:60721 to /127.0.0.1:60722" [_thread_in_native, id=20864, stack(0x000000837cb00000,0x000000837cc00000)]
  0x000002717e813f70 JavaThread "Cancel handler" [_thread_blocked, id=7884, stack(0x000000837d600000,0x000000837d700000)]
  0x000002717eeda810 JavaThread "Daemon worker" [_thread_in_vm, id=16568, stack(0x000000837d700000,0x000000837d800000)]
  0x000002717ee0ac80 JavaThread "Asynchronous log dispatcher for DefaultDaemonConnection: socket connection from /127.0.0.1:60721 to /127.0.0.1:60722" [_thread_blocked, id=4576, stack(0x000000837d800000,0x000000837d900000)]
  0x000002717ed5b9a0 JavaThread "Stdin handler" [_thread_blocked, id=23992, stack(0x000000837d900000,0x000000837da00000)]
  0x000002717ed5a190 JavaThread "Daemon client event forwarder" [_thread_blocked, id=26688, stack(0x000000837da00000,0x000000837db00000)]
  0x000002717ed60770 JavaThread "C2 CompilerThread1" daemon [_thread_in_native, id=20180, stack(0x000000837db00000,0x000000837dc00000)]
  0x000002717ed5a660 JavaThread "Cache worker for journal cache (C:\Users\suresh\.gradle\caches\journal-1)" [_thread_blocked, id=18392, stack(0x000000837dc00000,0x000000837dd00000)]
  0x000002717ed5b000 JavaThread "File lock request listener" [_thread_in_native, id=22776, stack(0x000000837dd00000,0x000000837de00000)]
  0x000002717ed5be70 JavaThread "Cache worker for file hash cache (C:\Users\suresh\.gradle\caches\9.0.0\fileHashes)" [_thread_blocked, id=8336, stack(0x000000837de00000,0x000000837df00000)]
  0x000002717ed5c340 JavaThread "Cache worker for file hash cache (E:\Student_App\android\.gradle\9.0.0\fileHashes)" [_thread_blocked, id=23752, stack(0x000000837e900000,0x000000837ea00000)]
  0x000002717ed5c810 JavaThread "Cache worker for Build Output Cleanup Cache (E:\Student_App\android\.gradle\buildOutputCleanup)" [_thread_blocked, id=19920, stack(0x000000837ea00000,0x000000837eb00000)]
  0x000002712e1f8980 JavaThread "C2 CompilerThread2" daemon [_thread_in_native, id=24040, stack(0x000000837eb00000,0x000000837ec00000)]
  0x000002717ed5cce0 JavaThread "File watcher server" daemon [_thread_in_native, id=19604, stack(0x000000837ec00000,0x000000837ed00000)]
  0x000002717ed59320 JavaThread "File watcher consumer" daemon [_thread_blocked, id=20356, stack(0x000000837ed00000,0x000000837ee00000)]
  0x000002717ed5ab30 JavaThread "Cache worker for checksums cache (E:\Student_App\android\.gradle\9.0.0\checksums)" [_thread_blocked, id=26284, stack(0x000000837ee00000,0x000000837ef00000)]
  0x000002717ed59cc0 JavaThread "Cache worker for file content cache (C:\Users\suresh\.gradle\caches\9.0.0\fileContent)" [_thread_blocked, id=25952, stack(0x000000837ef00000,0x000000837f000000)]
  0x000002717ed597f0 JavaThread "Cache worker for cache directory md-supplier (C:\Users\suresh\.gradle\caches\9.0.0\md-supplier)" [_thread_blocked, id=26112, stack(0x000000837f000000,0x000000837f100000)]
  0x000002717f5aa750 JavaThread "Cache worker for cache directory md-rule (C:\Users\suresh\.gradle\caches\9.0.0\md-rule)" [_thread_blocked, id=22956, stack(0x000000837f100000,0x000000837f200000)]
  0x000002717f5aa280 JavaThread "jar transforms" [_thread_blocked, id=21324, stack(0x000000837f200000,0x000000837f300000)]

Other Threads:
  0x000002717bf04450 VMThread "VM Thread" [stack: 0x000000837bd00000,0x000000837be00000] [id=24072]
  0x000002716cc6e840 WatcherThread [stack: 0x000000837cd00000,0x000000837ce00000] [id=22696]
  0x000002716aa2e7b0 GCTaskThread "GC Thread#0" [stack: 0x000000837b800000,0x000000837b900000] [id=25256]
  0x000002717cefe270 GCTaskThread "GC Thread#1" [stack: 0x000000837ce00000,0x000000837cf00000] [id=22948]
  0x000002717d12ed00 GCTaskThread "GC Thread#2" [stack: 0x000000837cf00000,0x000000837d000000] [id=22360]
  0x000002717e166dd0 GCTaskThread "GC Thread#3" [stack: 0x000000837d000000,0x000000837d100000] [id=14372]
  0x000002717ce4a630 GCTaskThread "GC Thread#4" [stack: 0x000000837d100000,0x000000837d200000] [id=6584]
  0x000002717eb07c60 GCTaskThread "GC Thread#5" [stack: 0x000000837d200000,0x000000837d300000] [id=8560]
  0x000002717ee824a0 GCTaskThread "GC Thread#6" [stack: 0x000000837df00000,0x000000837e000000] [id=23580]
  0x000002717ee82ce0 GCTaskThread "GC Thread#7" [stack: 0x000000837e000000,0x000000837e100000] [id=27076]
  0x000002717ee819a0 GCTaskThread "GC Thread#8" [stack: 0x000000837e100000,0x000000837e200000] [id=13108]
  0x000002717ee82760 GCTaskThread "GC Thread#9" [stack: 0x000000837e200000,0x000000837e300000] [id=21776]
  0x000002717ee82a20 GCTaskThread "GC Thread#10" [stack: 0x000000837e300000,0x000000837e400000] [id=12804]
  0x000002717ee82fa0 GCTaskThread "GC Thread#11" [stack: 0x000000837e400000,0x000000837e500000] [id=12412]
  0x000002717ee81c60 GCTaskThread "GC Thread#12" [stack: 0x000000837e500000,0x000000837e600000] [id=21428]
  0x000002716cc5a300 ConcurrentGCThread "G1 Main Marker" [stack: 0x000000837b900000,0x000000837ba00000] [id=4312]
  0x000002716cc5b8f0 ConcurrentGCThread "G1 Conc#0" [stack: 0x000000837ba00000,0x000000837bb00000] [id=13028]
  0x000002717ee81f20 ConcurrentGCThread "G1 Conc#1" [stack: 0x000000837e600000,0x000000837e700000] [id=25784]
  0x000002717ee821e0 ConcurrentGCThread "G1 Conc#2" [stack: 0x000000837e700000,0x000000837e800000] [id=21320]
  0x000002717bdc5b10 ConcurrentGCThread "G1 Refine#0" [stack: 0x000000837bb00000,0x000000837bc00000] [id=18112]
  0x000002717bdc62f0 ConcurrentGCThread "G1 Service" [stack: 0x000000837bc00000,0x000000837bd00000] [id=14116]

Threads with active compile tasks:
C2 CompilerThread0    10955 3843   !   4       java.net.URLClassLoader::findClass (47 bytes)
C2 CompilerThread1    10955 3844   !   4       java.net.URLClassLoader$1::run (81 bytes)
C2 CompilerThread2    10955 3829   !   4       java.lang.ClassLoader::loadClass (121 bytes)

VM state: not at safepoint (normal execution)

VM Mutex/Monitor currently owned by a thread: None

Heap address: 0x0000000080000000, size: 2048 MB, Compressed Oops mode: 32-bit

CDS archive(s) mapped at: [0x000002710f000000-0x000002710fbd0000-0x000002710fbd0000), size 12386304, SharedBaseAddress: 0x000002710f000000, ArchiveRelocationMode: 1.
Compressed class space mapped at: 0x0000027110000000-0x000002712a000000, reserved size: 436207616
Narrow klass base: 0x000002710f000000, Narrow klass shift: 0, Narrow klass range: 0x100000000

GC Precious Log:
 CPUs: 16 total, 16 available
 Memory: 7863M
 Large Page Support: Disabled
 NUMA Support: Disabled
 Compressed Oops: Enabled (32-bit)
 Heap Region Size: 1M
 Heap Min Capacity: 8M
 Heap Initial Capacity: 124M
 Heap Max Capacity: 2G
 Pre-touch: Disabled
 Parallel Workers: 13
 Concurrent Workers: 3
 Concurrent Refinement Workers: 13
 Periodic GC: Disabled

Heap:
 garbage-first heap   total 119808K, used 41809K [0x0000000080000000, 0x0000000100000000)
  region size 1024K, 18 young (18432K), 3 survivors (3072K)
 Metaspace       used 34054K, committed 34560K, reserved 491520K
  class space    used 4767K, committed 4992K, reserved 425984K

Heap Regions: E=young(eden), S=young(survivor), O=old, HS=humongous(starts), HC=humongous(continues), CS=collection set, F=free, OA=open archive, CA=closed archive, TAMS=top-at-mark-start (previous, next)
|   0|0x0000000080000000, 0x0000000080100000, 0x0000000080100000|100%|HS|  |TAMS 0x0000000080100000, 0x0000000080000000| Complete 
|   1|0x0000000080100000, 0x0000000080200000, 0x0000000080200000|100%|HC|  |TAMS 0x0000000080200000, 0x0000000080100000| Complete 
|   2|0x0000000080200000, 0x0000000080300000, 0x0000000080300000|100%|HC|  |TAMS 0x0000000080300000, 0x0000000080200000| Complete 
|   3|0x0000000080300000, 0x0000000080400000, 0x0000000080400000|100%| O|  |TAMS 0x0000000080400000, 0x0000000080300000| Untracked 
|   4|0x0000000080400000, 0x0000000080500000, 0x0000000080500000|100%| O|  |TAMS 0x0000000080500000, 0x0000000080400000| Untracked 
|   5|0x0000000080500000, 0x0000000080600000, 0x0000000080600000|100%| O|  |TAMS 0x0000000080600000, 0x0000000080500000| Untracked 
|   6|0x0000000080600000, 0x0000000080700000, 0x0000000080700000|100%|HS|  |TAMS 0x0000000080700000, 0x0000000080600000| Complete 
|   7|0x0000000080700000, 0x0000000080800000, 0x0000000080800000|100%| O|  |TAMS 0x0000000080700000, 0x0000000080700000| Untracked 
|   8|0x0000000080800000, 0x0000000080900000, 0x0000000080900000|100%| O|  |TAMS 0x0000000080900000, 0x0000000080800000| Untracked 
|   9|0x0000000080900000, 0x0000000080a00000, 0x0000000080a00000|100%| O|  |TAMS 0x0000000080a00000, 0x0000000080900000| Untracked 
|  10|0x0000000080a00000, 0x0000000080b00000, 0x0000000080b00000|100%| O|  |TAMS 0x0000000080b00000, 0x0000000080a00000| Untracked 
|  11|0x0000000080b00000, 0x0000000080c00000, 0x0000000080c00000|100%| O|  |TAMS 0x0000000080c00000, 0x0000000080b00000| Untracked 
|  12|0x0000000080c00000, 0x0000000080d00000, 0x0000000080d00000|100%| O|  |TAMS 0x0000000080c3b800, 0x0000000080c00000| Untracked 
|  13|0x0000000080d00000, 0x0000000080e00000, 0x0000000080e00000|100%| O|  |TAMS 0x0000000080d00000, 0x0000000080d00000| Untracked 
|  14|0x0000000080e00000, 0x0000000080f00000, 0x0000000080f00000|100%| O|  |TAMS 0x0000000080e00000, 0x0000000080e00000| Untracked 
|  15|0x0000000080f00000, 0x0000000081000000, 0x0000000081000000|100%| O|  |TAMS 0x0000000080f00000, 0x0000000080f00000| Untracked 
|  16|0x0000000081000000, 0x0000000081100000, 0x0000000081100000|100%| O|  |TAMS 0x0000000081000000, 0x0000000081000000| Untracked 
|  17|0x0000000081100000, 0x0000000081200000, 0x0000000081200000|100%| O|  |TAMS 0x0000000081100000, 0x0000000081100000| Untracked 
|  18|0x0000000081200000, 0x0000000081300000, 0x0000000081300000|100%| O|  |TAMS 0x0000000081200000, 0x0000000081200000| Untracked 
|  19|0x0000000081300000, 0x0000000081400000, 0x0000000081400000|100%| O|  |TAMS 0x0000000081300000, 0x0000000081300000| Untracked 
|  20|0x0000000081400000, 0x0000000081500000, 0x0000000081500000|100%| O|  |TAMS 0x0000000081400000, 0x0000000081400000| Untracked 
|  21|0x0000000081500000, 0x0000000081600000, 0x0000000081600000|100%| O|  |TAMS 0x0000000081500000, 0x0000000081500000| Untracked 
|  22|0x0000000081600000, 0x0000000081600000, 0x0000000081700000|  0%| F|  |TAMS 0x0000000081600000, 0x0000000081600000| Untracked 
|  23|0x0000000081700000, 0x0000000081800000, 0x0000000081800000|100%| O|  |TAMS 0x0000000081700000, 0x0000000081700000| Untracked 
|  24|0x0000000081800000, 0x0000000081900000, 0x0000000081900000|100%| O|  |TAMS 0x0000000081800000, 0x0000000081800000| Untracked 
|  25|0x0000000081900000, 0x0000000081919000, 0x0000000081a00000|  9%| O|  |TAMS 0x0000000081900000, 0x0000000081900000| Untracked 
|  26|0x0000000081a00000, 0x0000000081a00000, 0x0000000081b00000|  0%| F|  |TAMS 0x0000000081a00000, 0x0000000081a00000| Untracked 
|  27|0x0000000081b00000, 0x0000000081b00000, 0x0000000081c00000|  0%| F|  |TAMS 0x0000000081b00000, 0x0000000081b00000| Untracked 
|  28|0x0000000081c00000, 0x0000000081c00000, 0x0000000081d00000|  0%| F|  |TAMS 0x0000000081c00000, 0x0000000081c00000| Untracked 
|  29|0x0000000081d00000, 0x0000000081d00000, 0x0000000081e00000|  0%| F|  |TAMS 0x0000000081d00000, 0x0000000081d00000| Untracked 
|  30|0x0000000081e00000, 0x0000000081e00000, 0x0000000081f00000|  0%| F|  |TAMS 0x0000000081e00000, 0x0000000081e00000| Untracked 
|  31|0x0000000081f00000, 0x0000000081f00000, 0x0000000082000000|  0%| F|  |TAMS 0x0000000081f00000, 0x0000000081f00000| Untracked 
|  32|0x0000000082000000, 0x0000000082000000, 0x0000000082100000|  0%| F|  |TAMS 0x0000000082000000, 0x0000000082000000| Untracked 
|  33|0x0000000082100000, 0x0000000082100000, 0x0000000082200000|  0%| F|  |TAMS 0x0000000082100000, 0x0000000082100000| Untracked 
|  34|0x0000000082200000, 0x0000000082200000, 0x0000000082300000|  0%| F|  |TAMS 0x0000000082200000, 0x0000000082200000| Untracked 
|  35|0x0000000082300000, 0x0000000082300000, 0x0000000082400000|  0%| F|  |TAMS 0x0000000082300000, 0x0000000082300000| Untracked 
|  36|0x0000000082400000, 0x0000000082400000, 0x0000000082500000|  0%| F|  |TAMS 0x0000000082400000, 0x0000000082400000| Untracked 
|  37|0x0000000082500000, 0x0000000082500000, 0x0000000082600000|  0%| F|  |TAMS 0x0000000082500000, 0x0000000082500000| Untracked 
|  38|0x0000000082600000, 0x0000000082600000, 0x0000000082700000|  0%| F|  |TAMS 0x0000000082600000, 0x0000000082600000| Untracked 
|  39|0x0000000082700000, 0x0000000082700000, 0x0000000082800000|  0%| F|  |TAMS 0x0000000082700000, 0x0000000082700000| Untracked 
|  40|0x0000000082800000, 0x0000000082800000, 0x0000000082900000|  0%| F|  |TAMS 0x0000000082800000, 0x0000000082800000| Untracked 
|  41|0x0000000082900000, 0x00000000829bb7c8, 0x0000000082a00000| 73%| S|CS|TAMS 0x0000000082900000, 0x0000000082900000| Complete 
|  42|0x0000000082a00000, 0x0000000082b00000, 0x0000000082b00000|100%| S|CS|TAMS 0x0000000082a00000, 0x0000000082a00000| Complete 
|  43|0x0000000082b00000, 0x0000000082c00000, 0x0000000082c00000|100%| S|CS|TAMS 0x0000000082b00000, 0x0000000082b00000| Complete 
|  44|0x0000000082c00000, 0x0000000082c00000, 0x0000000082d00000|  0%| F|  |TAMS 0x0000000082c00000, 0x0000000082c00000| Untracked 
|  45|0x0000000082d00000, 0x0000000082d00000, 0x0000000082e00000|  0%| F|  |TAMS 0x0000000082d00000, 0x0000000082d00000| Untracked 
|  46|0x0000000082e00000, 0x0000000082e00000, 0x0000000082f00000|  0%| F|  |TAMS 0x0000000082e00000, 0x0000000082e00000| Untracked 
|  47|0x0000000082f00000, 0x0000000082f00000, 0x0000000083000000|  0%| F|  |TAMS 0x0000000082f00000, 0x0000000082f00000| Untracked 
|  48|0x0000000083000000, 0x0000000083000000, 0x0000000083100000|  0%| F|  |TAMS 0x0000000083000000, 0x0000000083000000| Untracked 
|  49|0x0000000083100000, 0x0000000083100000, 0x0000000083200000|  0%| F|  |TAMS 0x0000000083100000, 0x0000000083100000| Untracked 
|  50|0x0000000083200000, 0x0000000083200000, 0x0000000083300000|  0%| F|  |TAMS 0x0000000083200000, 0x0000000083200000| Untracked 
|  51|0x0000000083300000, 0x0000000083300000, 0x0000000083400000|  0%| F|  |TAMS 0x0000000083300000, 0x0000000083300000| Untracked 
|  52|0x0000000083400000, 0x0000000083400000, 0x0000000083500000|  0%| F|  |TAMS 0x0000000083400000, 0x0000000083400000| Untracked 
|  53|0x0000000083500000, 0x0000000083500000, 0x0000000083600000|  0%| F|  |TAMS 0x0000000083500000, 0x0000000083500000| Untracked 
|  54|0x0000000083600000, 0x0000000083600000, 0x0000000083700000|  0%| F|  |TAMS 0x0000000083600000, 0x0000000083600000| Untracked 
|  55|0x0000000083700000, 0x0000000083700000, 0x0000000083800000|  0%| F|  |TAMS 0x0000000083700000, 0x0000000083700000| Untracked 
|  56|0x0000000083800000, 0x0000000083800000, 0x0000000083900000|  0%| F|  |TAMS 0x0000000083800000, 0x0000000083800000| Untracked 
|  57|0x0000000083900000, 0x0000000083900000, 0x0000000083a00000|  0%| F|  |TAMS 0x0000000083900000, 0x0000000083900000| Untracked 
|  58|0x0000000083a00000, 0x0000000083a00000, 0x0000000083b00000|  0%| F|  |TAMS 0x0000000083a00000, 0x0000000083a00000| Untracked 
|  59|0x0000000083b00000, 0x0000000083b00000, 0x0000000083c00000|  0%| F|  |TAMS 0x0000000083b00000, 0x0000000083b00000| Untracked 
|  60|0x0000000083c00000, 0x0000000083c00000, 0x0000000083d00000|  0%| F|  |TAMS 0x0000000083c00000, 0x0000000083c00000| Untracked 
|  61|0x0000000083d00000, 0x0000000083d00000, 0x0000000083e00000|  0%| F|  |TAMS 0x0000000083d00000, 0x0000000083d00000| Untracked 
|  62|0x0000000083e00000, 0x0000000083e00000, 0x0000000083f00000|  0%| F|  |TAMS 0x0000000083e00000, 0x0000000083e00000| Untracked 
|  63|0x0000000083f00000, 0x0000000083f00000, 0x0000000084000000|  0%| F|  |TAMS 0x0000000083f00000, 0x0000000083f00000| Untracked 
|  64|0x0000000084000000, 0x0000000084000000, 0x0000000084100000|  0%| F|  |TAMS 0x0000000084000000, 0x0000000084000000| Untracked 
|  65|0x0000000084100000, 0x0000000084100000, 0x0000000084200000|  0%| F|  |TAMS 0x0000000084100000, 0x0000000084100000| Untracked 
|  66|0x0000000084200000, 0x0000000084200000, 0x0000000084300000|  0%| F|  |TAMS 0x0000000084200000, 0x0000000084200000| Untracked 
|  67|0x0000000084300000, 0x0000000084300000, 0x0000000084400000|  0%| F|  |TAMS 0x0000000084300000, 0x0000000084300000| Untracked 
|  68|0x0000000084400000, 0x0000000084400000, 0x0000000084500000|  0%| F|  |TAMS 0x0000000084400000, 0x0000000084400000| Untracked 
|  69|0x0000000084500000, 0x0000000084500000, 0x0000000084600000|  0%| F|  |TAMS 0x0000000084500000, 0x0000000084500000| Untracked 
|  70|0x0000000084600000, 0x0000000084600000, 0x0000000084700000|  0%| F|  |TAMS 0x0000000084600000, 0x0000000084600000| Untracked 
|  71|0x0000000084700000, 0x0000000084700000, 0x0000000084800000|  0%| F|  |TAMS 0x0000000084700000, 0x0000000084700000| Untracked 
|  72|0x0000000084800000, 0x0000000084800000, 0x0000000084900000|  0%| F|  |TAMS 0x0000000084800000, 0x0000000084800000| Untracked 
|  73|0x0000000084900000, 0x0000000084900000, 0x0000000084a00000|  0%| F|  |TAMS 0x0000000084900000, 0x0000000084900000| Untracked 
|  74|0x0000000084a00000, 0x0000000084a00000, 0x0000000084b00000|  0%| F|  |TAMS 0x0000000084a00000, 0x0000000084a00000| Untracked 
|  75|0x0000000084b00000, 0x0000000084b00000, 0x0000000084c00000|  0%| F|  |TAMS 0x0000000084b00000, 0x0000000084b00000| Untracked 
|  76|0x0000000084c00000, 0x0000000084c00000, 0x0000000084d00000|  0%| F|  |TAMS 0x0000000084c00000, 0x0000000084c00000| Untracked 
|  77|0x0000000084d00000, 0x0000000084d00000, 0x0000000084e00000|  0%| F|  |TAMS 0x0000000084d00000, 0x0000000084d00000| Untracked 
|  78|0x0000000084e00000, 0x0000000084e00000, 0x0000000084f00000|  0%| F|  |TAMS 0x0000000084e00000, 0x0000000084e00000| Untracked 
|  79|0x0000000084f00000, 0x0000000084f00000, 0x0000000085000000|  0%| F|  |TAMS 0x0000000084f00000, 0x0000000084f00000| Untracked 
|  80|0x0000000085000000, 0x0000000085000000, 0x0000000085100000|  0%| F|  |TAMS 0x0000000085000000, 0x0000000085000000| Untracked 
|  81|0x0000000085100000, 0x0000000085100000, 0x0000000085200000|  0%| F|  |TAMS 0x0000000085100000, 0x0000000085100000| Untracked 
|  82|0x0000000085200000, 0x0000000085200000, 0x0000000085300000|  0%| F|  |TAMS 0x0000000085200000, 0x0000000085200000| Untracked 
|  83|0x0000000085300000, 0x0000000085300000, 0x0000000085400000|  0%| F|  |TAMS 0x0000000085300000, 0x0000000085300000| Untracked 
|  84|0x0000000085400000, 0x0000000085400000, 0x0000000085500000|  0%| F|  |TAMS 0x0000000085400000, 0x0000000085400000| Untracked 
|  85|0x0000000085500000, 0x0000000085500000, 0x0000000085600000|  0%| F|  |TAMS 0x0000000085500000, 0x0000000085500000| Untracked 
|  86|0x0000000085600000, 0x0000000085600000, 0x0000000085700000|  0%| F|  |TAMS 0x0000000085600000, 0x0000000085600000| Untracked 
|  87|0x0000000085700000, 0x0000000085700000, 0x0000000085800000|  0%| F|  |TAMS 0x0000000085700000, 0x0000000085700000| Untracked 
|  88|0x0000000085800000, 0x0000000085800000, 0x0000000085900000|  0%| F|  |TAMS 0x0000000085800000, 0x0000000085800000| Untracked 
|  89|0x0000000085900000, 0x0000000085900000, 0x0000000085a00000|  0%| F|  |TAMS 0x0000000085900000, 0x0000000085900000| Untracked 
|  90|0x0000000085a00000, 0x0000000085a00000, 0x0000000085b00000|  0%| F|  |TAMS 0x0000000085a00000, 0x0000000085a00000| Untracked 
|  91|0x0000000085b00000, 0x0000000085b00000, 0x0000000085c00000|  0%| F|  |TAMS 0x0000000085b00000, 0x0000000085b00000| Untracked 
|  92|0x0000000085c00000, 0x0000000085c00000, 0x0000000085d00000|  0%| F|  |TAMS 0x0000000085c00000, 0x0000000085c00000| Untracked 
|  93|0x0000000085d00000, 0x0000000085d00000, 0x0000000085e00000|  0%| F|  |TAMS 0x0000000085d00000, 0x0000000085d00000| Untracked 
|  94|0x0000000085e00000, 0x0000000085e00000, 0x0000000085f00000|  0%| F|  |TAMS 0x0000000085e00000, 0x0000000085e00000| Untracked 
|  95|0x0000000085f00000, 0x0000000085f00000, 0x0000000086000000|  0%| F|  |TAMS 0x0000000085f00000, 0x0000000085f00000| Untracked 
|  96|0x0000000086000000, 0x0000000086000000, 0x0000000086100000|  0%| F|  |TAMS 0x0000000086000000, 0x0000000086000000| Untracked 
|  97|0x0000000086100000, 0x0000000086100000, 0x0000000086200000|  0%| F|  |TAMS 0x0000000086100000, 0x0000000086100000| Untracked 
|  98|0x0000000086200000, 0x0000000086200000, 0x0000000086300000|  0%| F|  |TAMS 0x0000000086200000, 0x0000000086200000| Untracked 
|  99|0x0000000086300000, 0x0000000086300000, 0x0000000086400000|  0%| F|  |TAMS 0x0000000086300000, 0x0000000086300000| Untracked 
| 100|0x0000000086400000, 0x0000000086400000, 0x0000000086500000|  0%| F|  |TAMS 0x0000000086400000, 0x0000000086400000| Untracked 
| 101|0x0000000086500000, 0x0000000086500000, 0x0000000086600000|  0%| F|  |TAMS 0x0000000086500000, 0x0000000086500000| Untracked 
| 102|0x0000000086600000, 0x0000000086700000, 0x0000000086700000|100%| E|  |TAMS 0x0000000086600000, 0x0000000086600000| Complete 
| 103|0x0000000086700000, 0x0000000086800000, 0x0000000086800000|100%| E|CS|TAMS 0x0000000086700000, 0x0000000086700000| Complete 
| 104|0x0000000086800000, 0x0000000086900000, 0x0000000086900000|100%| E|CS|TAMS 0x0000000086800000, 0x0000000086800000| Complete 
| 105|0x0000000086900000, 0x0000000086a00000, 0x0000000086a00000|100%| E|CS|TAMS 0x0000000086900000, 0x0000000086900000| Complete 
| 106|0x0000000086a00000, 0x0000000086b00000, 0x0000000086b00000|100%| E|CS|TAMS 0x0000000086a00000, 0x0000000086a00000| Complete 
| 107|0x0000000086b00000, 0x0000000086c00000, 0x0000000086c00000|100%| E|CS|TAMS 0x0000000086b00000, 0x0000000086b00000| Complete 
| 108|0x0000000086c00000, 0x0000000086d00000, 0x0000000086d00000|100%| E|CS|TAMS 0x0000000086c00000, 0x0000000086c00000| Complete 
| 109|0x0000000086d00000, 0x0000000086e00000, 0x0000000086e00000|100%| E|CS|TAMS 0x0000000086d00000, 0x0000000086d00000| Complete 
| 110|0x0000000086e00000, 0x0000000086f00000, 0x0000000086f00000|100%| E|CS|TAMS 0x0000000086e00000, 0x0000000086e00000| Complete 
| 111|0x0000000086f00000, 0x0000000087000000, 0x0000000087000000|100%| E|CS|TAMS 0x0000000086f00000, 0x0000000086f00000| Complete 
| 112|0x0000000087000000, 0x0000000087100000, 0x0000000087100000|100%| E|CS|TAMS 0x0000000087000000, 0x0000000087000000| Complete 
| 113|0x0000000087100000, 0x0000000087200000, 0x0000000087200000|100%| E|CS|TAMS 0x0000000087100000, 0x0000000087100000| Complete 
| 114|0x0000000087200000, 0x0000000087300000, 0x0000000087300000|100%| E|CS|TAMS 0x0000000087200000, 0x0000000087200000| Complete 
| 115|0x0000000087300000, 0x0000000087400000, 0x0000000087400000|100%| E|CS|TAMS 0x0000000087300000, 0x0000000087300000| Complete 
| 123|0x0000000087b00000, 0x0000000087c00000, 0x0000000087c00000|100%| E|CS|TAMS 0x0000000087b00000, 0x0000000087b00000| Complete 

Card table byte_map: [0x0000027175150000,0x0000027175550000] _byte_map_base: 0x0000027174d50000

Marking Bits (Prev, Next): (CMBitMap*) 0x000002716cc49c50, (CMBitMap*) 0x000002716cc49c10
 Prev Bits: [0x0000027177950000, 0x0000027179950000)
 Next Bits: [0x0000027175950000, 0x0000027177950000)

Polling page: 0x000002716abe0000

Metaspace:

Usage:
  Non-class:     28.61 MB used.
      Class:      4.66 MB used.
       Both:     33.27 MB used.

Virtual space:
  Non-class space:       64.00 MB reserved,      28.94 MB ( 45%) committed,  1 nodes.
      Class space:      416.00 MB reserved,       4.88 MB (  1%) committed,  1 nodes.
             Both:      480.00 MB reserved,      33.81 MB (  7%) committed. 

Chunk freelists:
   Non-Class:  3.06 MB
       Class:  11.03 MB
        Both:  14.09 MB

MaxMetaspaceSize: 512.00 MB
CompressedClassSpaceSize: 416.00 MB
Initial GC threshold: 21.00 MB
Current GC threshold: 35.12 MB
CDS: on
MetaspaceReclaimPolicy: balanced
 - commit_granule_bytes: 65536.
 - commit_granule_words: 8192.
 - virtual_space_node_default_size: 8388608.
 - enlarge_chunks_in_place: 1.
 - new_chunks_are_fully_committed: 0.
 - uncommit_free_chunks: 1.
 - use_allocation_guard: 0.
 - handle_deallocations: 1.


Internal statistics:

num_allocs_failed_limit: 3.
num_arena_births: 552.
num_arena_deaths: 0.
num_vsnodes_births: 2.
num_vsnodes_deaths: 0.
num_space_committed: 541.
num_space_uncommitted: 0.
num_chunks_returned_to_freelist: 3.
num_chunks_taken_from_freelist: 1870.
num_chunk_merges: 3.
num_chunk_splits: 1249.
num_chunks_enlarged: 862.
num_inconsistent_stats: 0.

CodeHeap 'non-profiled nmethods': size=119168Kb used=2390Kb max_used=2390Kb free=116777Kb
 bounds [0x0000027107ba0000, 0x0000027107e10000, 0x000002710f000000]
CodeHeap 'profiled nmethods': size=119104Kb used=8450Kb max_used=8450Kb free=110653Kb
 bounds [0x0000027100000000, 0x0000027100850000, 0x0000027107450000]
CodeHeap 'non-nmethods': size=7488Kb used=2732Kb max_used=3323Kb free=4755Kb
 bounds [0x0000027107450000, 0x00000271077c0000, 0x0000027107ba0000]
 total_blobs=4713 nmethods=4039 adapters=584
 compilation: enabled
              stopped_count=0, restarted_count=0
 full_count=0

Compilation events (20 events):
Event: 8.911 Thread 0x000002717cc7da90 4021       3       java.lang.invoke.BoundMethodHandle::bindArgumentL (11 bytes)
Event: 8.911 Thread 0x000002712f80bf90 nmethod 4010 0x0000027100830490 code [0x00000271008306a0, 0x0000027100830de8]
Event: 8.911 Thread 0x000002712f80bf90 4022       3       java.lang.invoke.LambdaFormEditor::bindArgumentL (59 bytes)
Event: 8.911 Thread 0x000002717cc7da90 nmethod 4021 0x0000027100831090 code [0x0000027100831260, 0x0000027100831738]
Event: 8.911 Thread 0x000002717cc7da90 4012       3       jdk.internal.misc.Unsafe::getAndBitwiseAndInt (27 bytes)
Event: 8.912 Thread 0x000002712f80bf90 nmethod 4022 0x0000027100831990 code [0x0000027100831b60, 0x0000027100831e08]
Event: 8.912 Thread 0x000002712f80bf90 4013       3       java.util.concurrent.locks.AbstractQueuedSynchronizer$Node::clearStatus (12 bytes)
Event: 8.912 Thread 0x000002712f80bf90 nmethod 4013 0x0000027100835b10 code [0x0000027100835cc0, 0x0000027100835e88]
Event: 8.912 Thread 0x000002712f80bf90 4014       3       jdk.internal.misc.Unsafe::putIntOpaque (9 bytes)
Event: 8.912 Thread 0x000002717bf27680 nmethod 4020 0x0000027100831f10 code [0x00000271008321c0, 0x0000027100832ed8]
Event: 8.912 Thread 0x000002717cc7da90 nmethod 4012 0x0000027100835f10 code [0x00000271008360c0, 0x0000027100836308]
Event: 8.912 Thread 0x000002717cc7da90 4016       1       javax.management.ObjectName$Property::setKeyIndex (6 bytes)
Event: 8.912 Thread 0x000002717bf27680 4017       1       sun.management.MemoryPoolImpl::getName (5 bytes)
Event: 8.912 Thread 0x000002712f80bf90 nmethod 4014 0x0000027100836410 code [0x00000271008365a0, 0x00000271008366b8]
Event: 8.912 Thread 0x000002717cc7da90 nmethod 4016 0x0000027107df3a10 code [0x0000027107df3ba0, 0x0000027107df3c78]
Event: 8.912 Thread 0x000002717bf27680 nmethod 4017 0x0000027107df3d10 code [0x0000027107df3ea0, 0x0000027107df3f78]
Event: 8.912 Thread 0x000002717bf4e760 nmethod 4015 0x0000027100833310 code [0x00000271008336a0, 0x0000027100835228]
Event: 8.914 Thread 0x000002717bf27680 4023       3       java.lang.invoke.MethodType::methodType (14 bytes)
Event: 8.914 Thread 0x000002717bf27680 nmethod 4023 0x0000027100836790 code [0x0000027100836940, 0x0000027100836c88]
Event: 9.342 Thread 0x000002717bf27680 4024       3       java.util.concurrent.locks.AbstractQueuedSynchronizer$Node::getAndUnsetStatus (14 bytes)

GC Heap History (16 events):
Event: 0.334 GC heap before
{Heap before GC invocations=0 (full 0):
 garbage-first heap   total 126976K, used 22528K [0x0000000080000000, 0x0000000100000000)
  region size 1024K, 23 young (23552K), 0 survivors (0K)
 Metaspace       used 1032K, committed 1152K, reserved 491520K
  class space    used 72K, committed 128K, reserved 425984K
}
Event: 0.337 GC heap after
{Heap after GC invocations=1 (full 0):
 garbage-first heap   total 126976K, used 1856K [0x0000000080000000, 0x0000000100000000)
  region size 1024K, 2 young (2048K), 2 survivors (2048K)
 Metaspace       used 1032K, committed 1152K, reserved 491520K
  class space    used 72K, committed 128K, reserved 425984K
}
Event: 1.014 GC heap before
{Heap before GC invocations=1 (full 0):
 garbage-first heap   total 126976K, used 40768K [0x0000000080000000, 0x0000000100000000)
  region size 1024K, 37 young (37888K), 2 survivors (2048K)
 Metaspace       used 4564K, committed 4736K, reserved 491520K
  class space    used 570K, committed 640K, reserved 425984K
}
Event: 1.023 GC heap after
{Heap after GC invocations=2 (full 0):
 garbage-first heap   total 126976K, used 10677K [0x0000000080000000, 0x0000000100000000)
  region size 1024K, 5 young (5120K), 5 survivors (5120K)
 Metaspace       used 4564K, committed 4736K, reserved 491520K
  class space    used 570K, committed 640K, reserved 425984K
}
Event: 1.539 GC heap before
{Heap before GC invocations=2 (full 0):
 garbage-first heap   total 126976K, used 64949K [0x0000000080000000, 0x0000000100000000)
  region size 1024K, 56 young (57344K), 5 survivors (5120K)
 Metaspace       used 5274K, committed 5440K, reserved 491520K
  class space    used 691K, committed 768K, reserved 425984K
}
Event: 1.548 GC heap after
{Heap after GC invocations=3 (full 0):
 garbage-first heap   total 126976K, used 16295K [0x0000000080000000, 0x0000000100000000)
  region size 1024K, 5 young (5120K), 5 survivors (5120K)
 Metaspace       used 5274K, committed 5440K, reserved 491520K
  class space    used 691K, committed 768K, reserved 425984K
}
Event: 6.117 GC heap before
{Heap before GC invocations=3 (full 0):
 garbage-first heap   total 126976K, used 86951K [0x0000000080000000, 0x0000000100000000)
  region size 1024K, 74 young (75776K), 5 survivors (5120K)
 Metaspace       used 17180K, committed 17472K, reserved 491520K
  class space    used 2407K, committed 2560K, reserved 425984K
}
Event: 6.122 GC heap after
{Heap after GC invocations=4 (full 0):
 garbage-first heap   total 126976K, used 21742K [0x0000000080000000, 0x0000000100000000)
  region size 1024K, 10 young (10240K), 10 survivors (10240K)
 Metaspace       used 17180K, committed 17472K, reserved 491520K
  class space    used 2407K, committed 2560K, reserved 425984K
}
Event: 6.493 GC heap before
{Heap before GC invocations=4 (full 0):
 garbage-first heap   total 126976K, used 50414K [0x0000000080000000, 0x0000000100000000)
  region size 1024K, 38 young (38912K), 10 survivors (10240K)
 Metaspace       used 21248K, committed 21504K, reserved 491520K
  class space    used 2931K, committed 3072K, reserved 425984K
}
Event: 6.498 GC heap after
{Heap after GC invocations=5 (full 0):
 garbage-first heap   total 126976K, used 23006K [0x0000000080000000, 0x0000000100000000)
  region size 1024K, 2 young (2048K), 2 survivors (2048K)
 Metaspace       used 21248K, committed 21504K, reserved 491520K
  class space    used 2931K, committed 3072K, reserved 425984K
}
Event: 7.167 GC heap before
{Heap before GC invocations=6 (full 0):
 garbage-first heap   total 81920K, used 70110K [0x0000000080000000, 0x0000000100000000)
  region size 1024K, 48 young (49152K), 2 survivors (2048K)
 Metaspace       used 26828K, committed 27200K, reserved 491520K
  class space    used 3807K, committed 3968K, reserved 425984K
}
Event: 7.170 GC heap after
{Heap after GC invocations=7 (full 0):
 garbage-first heap   total 81920K, used 24907K [0x0000000080000000, 0x0000000100000000)
  region size 1024K, 4 young (4096K), 4 survivors (4096K)
 Metaspace       used 26828K, committed 27200K, reserved 491520K
  class space    used 3807K, committed 3968K, reserved 425984K
}
Event: 7.186 GC heap before
{Heap before GC invocations=7 (full 0):
 garbage-first heap   total 81920K, used 25931K [0x0000000080000000, 0x0000000100000000)
  region size 1024K, 5 young (5120K), 4 survivors (4096K)
 Metaspace       used 26924K, committed 27264K, reserved 491520K
  class space    used 3823K, committed 3968K, reserved 425984K
}
Event: 7.188 GC heap after
{Heap after GC invocations=8 (full 0):
 garbage-first heap   total 81920K, used 25215K [0x0000000080000000, 0x0000000100000000)
  region size 1024K, 1 young (1024K), 1 survivors (1024K)
 Metaspace       used 26924K, committed 27264K, reserved 491520K
  class space    used 3823K, committed 3968K, reserved 425984K
}
Event: 7.657 GC heap before
{Heap before GC invocations=8 (full 0):
 garbage-first heap   total 81920K, used 60031K [0x0000000080000000, 0x0000000100000000)
  region size 1024K, 36 young (36864K), 1 survivors (1024K)
 Metaspace       used 32548K, committed 32960K, reserved 491520K
  class space    used 4510K, committed 4736K, reserved 425984K
}
Event: 7.660 GC heap after
{Heap after GC invocations=9 (full 0):
 garbage-first heap   total 119808K, used 27473K [0x0000000080000000, 0x0000000100000000)
  region size 1024K, 3 young (3072K), 3 survivors (3072K)
 Metaspace       used 32548K, committed 32960K, reserved 491520K
  class space    used 4510K, committed 4736K, reserved 425984K
}

Deoptimization events (20 events):
Event: 7.719 Thread 0x000002717eeda810 Uncommon trap: trap_request=0xffffff45 fr.pc=0x0000027107cbaca8 relative=0x00000000000005e8
Event: 7.719 Thread 0x000002717eeda810 Uncommon trap: reason=unstable_if action=reinterpret pc=0x0000027107cbaca8 method=java.lang.String.regionMatches(ZILjava/lang/String;II)Z @ 36 c2
Event: 7.719 Thread 0x000002717eeda810 DEOPT PACKING pc=0x0000027107cbaca8 sp=0x000000837d7f54b0
Event: 7.719 Thread 0x000002717eeda810 DEOPT UNPACKING pc=0x00000271074a23a3 sp=0x000000837d7f5458 mode 2
Event: 7.721 Thread 0x000002717eeda810 Uncommon trap: trap_request=0xffffff45 fr.pc=0x0000027107cff468 relative=0x0000000000000728
Event: 7.721 Thread 0x000002717eeda810 Uncommon trap: reason=unstable_if action=reinterpret pc=0x0000027107cff468 method=java.lang.Class.getPackageName()Ljava/lang/String; @ 55 c2
Event: 7.721 Thread 0x000002717eeda810 DEOPT PACKING pc=0x0000027107cff468 sp=0x000000837d7f5450
Event: 7.721 Thread 0x000002717eeda810 DEOPT UNPACKING pc=0x00000271074a23a3 sp=0x000000837d7f5418 mode 2
Event: 7.721 Thread 0x000002717eeda810 Uncommon trap: trap_request=0xffffffde fr.pc=0x0000027107db21fc relative=0x000000000000261c
Event: 7.721 Thread 0x000002717eeda810 Uncommon trap: reason=class_check action=maybe_recompile pc=0x0000027107db21fc method=jdk.internal.loader.URLClassPath.getLoader(I)Ljdk/internal/loader/URLClassPath$Loader; @ 190 c2
Event: 7.721 Thread 0x000002717eeda810 DEOPT PACKING pc=0x0000027107db21fc sp=0x000000837d7f5620
Event: 7.721 Thread 0x000002717eeda810 DEOPT UNPACKING pc=0x00000271074a23a3 sp=0x000000837d7f5620 mode 2
Event: 7.743 Thread 0x000002717eeda810 Uncommon trap: trap_request=0xffffffde fr.pc=0x0000027107db21fc relative=0x000000000000261c
Event: 7.743 Thread 0x000002717eeda810 Uncommon trap: reason=class_check action=maybe_recompile pc=0x0000027107db21fc method=jdk.internal.loader.URLClassPath.getLoader(I)Ljdk/internal/loader/URLClassPath$Loader; @ 190 c2
Event: 7.743 Thread 0x000002717eeda810 DEOPT PACKING pc=0x0000027107db21fc sp=0x000000837d7f80e0
Event: 7.743 Thread 0x000002717eeda810 DEOPT UNPACKING pc=0x00000271074a23a3 sp=0x000000837d7f80e0 mode 2
Event: 8.912 Thread 0x000002717eeda810 DEOPT PACKING pc=0x00000271006179c4 sp=0x000000837d7f9ba0
Event: 8.912 Thread 0x000002717eeda810 DEOPT UNPACKING pc=0x00000271074a2b43 sp=0x000000837d7f90c0 mode 0
Event: 8.912 Thread 0x000002717eeda810 DEOPT PACKING pc=0x00000271006169ac sp=0x000000837d7f9c90
Event: 8.912 Thread 0x000002717eeda810 DEOPT UNPACKING pc=0x00000271074a2b43 sp=0x000000837d7f9150 mode 0

Classes unloaded (0 events):
No events

Classes redefined (0 events):
No events

Internal exceptions (20 events):
Event: 7.750 Thread 0x000002717eeda810 Exception <a 'java/lang/ClassNotFoundException'{0x0000000086e238b0}: org/gradle/groovy/scripts/BasicScriptCustomizer> (0x0000000086e238b0) 
thrown [s\open\src\hotspot\share\classfile\systemDictionary.cpp, line 256]
Event: 7.751 Thread 0x000002717eeda810 Exception <a 'java/lang/ClassNotFoundException'{0x0000000086e3bd18}: org/gradle/groovy/scripts/DefaultScriptCustomizer> (0x0000000086e3bd18) 
thrown [s\open\src\hotspot\share\classfile\systemDictionary.cpp, line 256]
Event: 7.754 Thread 0x000002717eeda810 Exception <a 'java/lang/ClassNotFoundException'{0x0000000086e615d8}: org/gradle/plugin/use/internal/PluginsAwareScriptCustomizer> (0x0000000086e615d8) 
thrown [s\open\src\hotspot\share\classfile\systemDictionary.cpp, line 256]
Event: 7.754 Thread 0x000002717eeda810 Exception <a 'java/lang/ClassNotFoundException'{0x0000000086e745d0}: org/gradle/initialization/SettingsScriptCustomizer> (0x0000000086e745d0) 
thrown [s\open\src\hotspot\share\classfile\systemDictionary.cpp, line 256]
Event: 7.755 Thread 0x000002717eeda810 Exception <a 'java/lang/ClassNotFoundException'{0x0000000086ed3c18}: settings_cgcg7r3p9uepcfzrfcirjwbd3Customizer> (0x0000000086ed3c18) 
thrown [s\open\src\hotspot\share\classfile\systemDictionary.cpp, line 256]
Event: 7.773 Thread 0x000002717eeda810 Exception <a 'java/lang/ClassNotFoundException'{0x0000000086d78040}: groovy/lang/Closure$1BeanInfo> (0x0000000086d78040) 
thrown [s\open\src\hotspot\share\classfile\systemDictionary.cpp, line 256]
Event: 7.773 Thread 0x000002717eeda810 Exception <a 'java/lang/ClassNotFoundException'{0x0000000086d92c58}: groovy/lang/ClosureBeanInfo> (0x0000000086d92c58) 
thrown [s\open\src\hotspot\share\classfile\systemDictionary.cpp, line 256]
Event: 7.774 Thread 0x000002717eeda810 Exception <a 'java/lang/ClassNotFoundException'{0x0000000086dad5f0}: groovy/lang/ClosureCustomizer> (0x0000000086dad5f0) 
thrown [s\open\src\hotspot\share\classfile\systemDictionary.cpp, line 256]
Event: 7.778 Thread 0x000002717eeda810 Exception <a 'java/lang/ClassNotFoundException'{0x0000000086ded7e0}: groovy/lang/Closure$1Customizer> (0x0000000086ded7e0) 
thrown [s\open\src\hotspot\share\classfile\systemDictionary.cpp, line 256]
Event: 7.792 Thread 0x000002717eeda810 Exception <a 'java/lang/NoSuchMethodError'{0x0000000086c732b0}: 'java.lang.Object java.lang.invoke.DirectMethodHandle$Holder.invokeStaticInit(java.lang.Object, java.lang.Object, java.lang.Object, java.lang.Object, java.lang.Object, int, java.lang.Object)'> (0x0000000086c732b0) 
thrown [s\open\src\hotspot\share\interpreter\linkResolver.cpp, line 759]
Event: 7.794 Thread 0x000002717eeda810 Exception <a 'java/lang/NoSuchMethodError'{0x0000000086c795d0}: 'int java.lang.invoke.DirectMethodHandle$Holder.invokeSpecial(java.lang.Object, java.lang.Object, java.lang.Object, int)'> (0x0000000086c795d0) 
thrown [s\open\src\hotspot\share\interpreter\linkResolver.cpp, line 759]
Event: 7.795 Thread 0x000002717eeda810 Exception <a 'java/lang/NoSuchMethodError'{0x0000000086c8aac8}: 'java.lang.Object java.lang.invoke.DirectMethodHandle$Holder.invokeStatic(java.lang.Object, java.lang.Object, java.lang.Object, java.lang.Object, int)'> (0x0000000086c8aac8) 
thrown [s\open\src\hotspot\share\interpreter\linkResolver.cpp, line 759]
Event: 7.796 Thread 0x000002717eeda810 Exception <a 'java/lang/NoSuchMethodError'{0x0000000086c97f38}: 'java.lang.Object java.lang.invoke.DelegatingMethodHandle$Holder.reinvoke_L(java.lang.Object, java.lang.Object, java.lang.Object, java.lang.Object, java.lang.Object, int, java.lang.Object)'> (0x0000000086c97f38) 
thrown [s\open\src\hotspot\share\interpreter\linkResolver.cpp, line 759]
Event: 7.812 Thread 0x000002717eeda810 Exception <a 'java/lang/NoSuchMethodError'{0x0000000086b762e0}: 'java.lang.Object java.lang.invoke.DirectMethodHandle$Holder.invokeStaticInit(java.lang.Object, java.lang.Object, java.lang.Object, java.lang.Object, java.lang.Object, java.lang.Object, java.lang.Object)'> (0x0000000086b762e0) 
thrown [s\open\src\hotspot\share\interpreter\linkResolver.cpp, line 759]
Event: 7.817 Thread 0x000002717eeda810 Exception <a 'java/lang/NoSuchMethodError'{0x0000000086b9f150}: 'java.lang.Object java.lang.invoke.DirectMethodHandle$Holder.invokeSpecial(java.lang.Object, java.lang.Object, java.lang.Object, int, java.lang.Object, java.lang.Object)'> (0x0000000086b9f150) 
thrown [s\open\src\hotspot\share\interpreter\linkResolver.cpp, line 759]
Event: 7.873 Thread 0x000002717eeda810 Exception <a 'java/lang/NoSuchMethodError'{0x000000008686f270}: 'java.lang.Object java.lang.invoke.DirectMethodHandle$Holder.invokeStaticInit(java.lang.Object, java.lang.Object, java.lang.Object, java.lang.Object, int, java.lang.Object, java.lang.Object, java.lang.Object, java.lang.Object, java.lang.Object)'> (0x000000008686f270) 
thrown [s\open\src\hotspot\share\interpreter\linkResolver.cpp, line 759]
Event: 7.876 Thread 0x000002717eeda810 Exception <a 'java/lang/NoSuchMethodError'{0x000000008687a040}: 'int java.lang.invoke.Invokers$Holder.exactInvoker(java.lang.Object, java.lang.Object)'> (0x000000008687a040) 
thrown [s\open\src\hotspot\share\interpreter\linkResolver.cpp, line 759]
Event: 7.882 Thread 0x000002717eeda810 Exception <a 'java/lang/NoSuchMethodError'{0x000000008689d7d0}: 'java.lang.Object java.lang.invoke.DelegatingMethodHandle$Holder.reinvoke_L(java.lang.Object, java.lang.Object, java.lang.Object, java.lang.Object, int, java.lang.Object, java.lang.Object, java.lang.Object, java.lang.Object, java.lang.Object)'> (0x000000008689d7d0) 
thrown [s\open\src\hotspot\share\interpreter\linkResolver.cpp, line 759]
Event: 7.883 Thread 0x000002717eeda810 Exception <a 'java/lang/NoSuchMethodError'{0x00000000868bc098}: 'java.lang.Object java.lang.invoke.DirectMethodHandle$Holder.invokeStatic(java.lang.Object, java.lang.Object, java.lang.Object, java.lang.Object, java.lang.Object, java.lang.Object, java.lang.Object, int)'> (0x00000000868bc098) 
thrown [s\open\src\hotspot\share\interpreter\linkResolver.cpp, line 759]
Event: 8.928 Thread 0x000002717eeda810 Exception <a 'java/lang/NoSuchMethodError'{0x00000000867c8bd0}: 'java.lang.Object java.lang.invoke.DirectMethodHandle$Holder.invokeStaticInit(java.lang.Object, java.lang.Object, java.lang.Object, java.lang.Object, java.lang.Object)'> (0x00000000867c8bd0) 
thrown [s\open\src\hotspot\share\interpreter\linkResolver.cpp, line 759]

VM Operations (20 events):
Event: 7.643 Executing VM operation: HandshakeAllThreads
Event: 7.643 Executing VM operation: HandshakeAllThreads done
Event: 7.644 Executing VM operation: HandshakeAllThreads
Event: 7.644 Executing VM operation: HandshakeAllThreads done
Event: 7.657 Executing VM operation: G1CollectForAllocation
Event: 7.660 Executing VM operation: G1CollectForAllocation done
Event: 7.716 Executing VM operation: HandshakeAllThreads
Event: 7.716 Executing VM operation: HandshakeAllThreads done
Event: 7.717 Executing VM operation: HandshakeAllThreads
Event: 7.717 Executing VM operation: HandshakeAllThreads done
Event: 7.875 Executing VM operation: HandshakeAllThreads
Event: 7.875 Executing VM operation: HandshakeAllThreads done
Event: 7.880 Executing VM operation: HandshakeAllThreads
Event: 7.880 Executing VM operation: HandshakeAllThreads done
Event: 7.881 Executing VM operation: HandshakeAllThreads
Event: 7.881 Executing VM operation: HandshakeAllThreads done
Event: 8.893 Executing VM operation: Cleanup
Event: 8.909 Executing VM operation: Cleanup done
Event: 9.917 Executing VM operation: Cleanup
Event: 9.917 Executing VM operation: Cleanup done

Events (20 events):
Event: 7.796 loading class java/lang/invoke/DirectMethodHandle$EnsureInitialized
Event: 7.796 loading class java/lang/invoke/DirectMethodHandle$EnsureInitialized done
Event: 7.803 loading class java/lang/invoke/DirectMethodHandle$1
Event: 7.803 loading class java/lang/invoke/DirectMethodHandle$1 done
Event: 7.813 loading class java/lang/ProcessBuilder
Event: 7.813 loading class java/lang/ProcessBuilder done
Event: 7.874 loading class java/lang/invoke/SwitchPoint
Event: 7.874 loading class java/lang/invoke/SwitchPoint done
Event: 7.883 loading class java/lang/invoke/BoundMethodHandle$Species_LLLLI
Event: 7.883 loading class java/lang/invoke/BoundMethodHandle$Species_LLLLI done
Event: 7.884 loading class java/lang/invoke/BoundMethodHandle$Species_LLLLIL
Event: 7.884 loading class java/lang/invoke/BoundMethodHandle$Species_LLLLIL done
Event: 7.885 loading class java/lang/invoke/BoundMethodHandle$Species_LLLLILL
Event: 7.885 loading class java/lang/invoke/BoundMethodHandle$Species_LLLLILL done
Event: 7.886 loading class java/lang/invoke/BoundMethodHandle$Species_LLLLILLL
Event: 7.886 loading class java/lang/invoke/BoundMethodHandle$Species_LLLLILLL done
Event: 7.887 loading class java/lang/invoke/BoundMethodHandle$Species_LLLLILLLL
Event: 7.887 loading class java/lang/invoke/BoundMethodHandle$Species_LLLLILLLL done
Event: 7.888 loading class java/lang/invoke/BoundMethodHandle$Species_LLLLILLLLL
Event: 7.888 loading class java/lang/invoke/BoundMethodHandle$Species_LLLLILLLLL done


Dynamic libraries:
0x00007ff7bd8b0000 - 0x00007ff7bd8c0000 	C:\Program Files\Java\jdk-17\bin\java.exe
0x00007ffa8e780000 - 0x00007ffa8e9e7000 	C:\WINDOWS\SYSTEM32\ntdll.dll
0x00007ffa8c880000 - 0x00007ffa8c949000 	C:\WINDOWS\System32\KERNEL32.DLL
0x00007ffa8bf20000 - 0x00007ffa8c30f000 	C:\WINDOWS\System32\KERNELBASE.dll
0x00007ffa8c3d0000 - 0x00007ffa8c51b000 	C:\WINDOWS\System32\ucrtbase.dll
0x00007ffa82930000 - 0x00007ffa82949000 	C:\Program Files\Java\jdk-17\bin\jli.dll
0x00007ffa82830000 - 0x00007ffa8284b000 	C:\Program Files\Java\jdk-17\bin\VCRUNTIME140.dll
0x00007ffa8dbc0000 - 0x00007ffa8dc74000 	C:\WINDOWS\System32\ADVAPI32.dll
0x00007ffa8e5d0000 - 0x00007ffa8e679000 	C:\WINDOWS\System32\msvcrt.dll
0x00007ffa8e210000 - 0x00007ffa8e2b6000 	C:\WINDOWS\System32\sechost.dll
0x00007ffa8c740000 - 0x00007ffa8c858000 	C:\WINDOWS\System32\RPCRT4.dll
0x00007ffa8d880000 - 0x00007ffa8da45000 	C:\WINDOWS\System32\USER32.dll
0x00007ffa8ba50000 - 0x00007ffa8ba77000 	C:\WINDOWS\System32\win32u.dll
0x00007ffa6c540000 - 0x00007ffa6c7d3000 	C:\WINDOWS\WinSxS\amd64_microsoft.windows.common-controls_6595b64144ccf1df_6.0.26100.7309_none_3e05feeae336a044\COMCTL32.dll
0x00007ffa8da50000 - 0x00007ffa8da7b000 	C:\WINDOWS\System32\GDI32.dll
0x00007ffa8bb30000 - 0x00007ffa8bc5c000 	C:\WINDOWS\System32\gdi32full.dll
0x00007ffa8ba80000 - 0x00007ffa8bb23000 	C:\WINDOWS\System32\msvcp_win.dll
0x00007ffa827f0000 - 0x00007ffa827fb000 	C:\WINDOWS\SYSTEM32\VERSION.dll
0x00007ffa8e590000 - 0x00007ffa8e5c1000 	C:\WINDOWS\System32\IMM32.DLL
0x00007ffa88240000 - 0x00007ffa8824c000 	C:\Program Files\Java\jdk-17\bin\vcruntime140_1.dll
0x00007ffa488e0000 - 0x00007ffa4896e000 	C:\Program Files\Java\jdk-17\bin\msvcp140.dll
0x00007ff9dead0000 - 0x00007ff9df6b1000 	C:\Program Files\Java\jdk-17\bin\server\jvm.dll
0x00007ffa8e2c0000 - 0x00007ffa8e2c8000 	C:\WINDOWS\System32\PSAPI.DLL
0x00007ffa7ba70000 - 0x00007ffa7baa5000 	C:\WINDOWS\SYSTEM32\WINMM.dll
0x00007ffa88220000 - 0x00007ffa8822a000 	C:\WINDOWS\SYSTEM32\WSOCK32.dll
0x00007ffa8e3a0000 - 0x00007ffa8e414000 	C:\WINDOWS\System32\WS2_32.dll
0x00007ffa8a640000 - 0x00007ffa8a65b000 	C:\WINDOWS\SYSTEM32\kernel.appcore.dll
0x00007ffa881d0000 - 0x00007ffa881da000 	C:\Program Files\Java\jdk-17\bin\jimage.dll
0x00007ffa89160000 - 0x00007ffa893a2000 	C:\WINDOWS\SYSTEM32\DBGHELP.DLL
0x00007ffa8cc90000 - 0x00007ffa8d016000 	C:\WINDOWS\System32\combase.dll
0x00007ffa8da90000 - 0x00007ffa8db66000 	C:\WINDOWS\System32\OLEAUT32.dll
0x00007ffa6b710000 - 0x00007ffa6b74c000 	C:\WINDOWS\SYSTEM32\dbgcore.DLL
0x00007ffa8c320000 - 0x00007ffa8c3c5000 	C:\WINDOWS\System32\bcryptPrimitives.dll
0x00007ffa800d0000 - 0x00007ffa800de000 	C:\Program Files\Java\jdk-17\bin\instrument.dll
0x00007ffa69e80000 - 0x00007ffa69ea5000 	C:\Program Files\Java\jdk-17\bin\java.dll
0x00007ffa42da0000 - 0x00007ffa42e77000 	C:\Program Files\Java\jdk-17\bin\jsvml.dll
0x00007ffa8d120000 - 0x00007ffa8d873000 	C:\WINDOWS\System32\SHELL32.dll
0x00007ffa8bd20000 - 0x00007ffa8be8a000 	C:\WINDOWS\System32\wintypes.dll
0x00007ffa893b0000 - 0x00007ffa89c0e000 	C:\WINDOWS\SYSTEM32\windows.storage.dll
0x00007ffa8d020000 - 0x00007ffa8d115000 	C:\WINDOWS\System32\SHCORE.dll
0x00007ffa8e2d0000 - 0x00007ffa8e336000 	C:\WINDOWS\System32\shlwapi.dll
0x00007ffa8b7f0000 - 0x00007ffa8b819000 	C:\WINDOWS\SYSTEM32\profapi.dll
0x00007ffa7dc10000 - 0x00007ffa7dc28000 	C:\Program Files\Java\jdk-17\bin\zip.dll
0x00007ffa82810000 - 0x00007ffa82829000 	C:\Program Files\Java\jdk-17\bin\net.dll
0x00007ffa82130000 - 0x00007ffa82258000 	C:\WINDOWS\SYSTEM32\WINHTTP.dll
0x00007ffa8aba0000 - 0x00007ffa8ac0b000 	C:\WINDOWS\system32\mswsock.dll
0x00007ffa81140000 - 0x00007ffa81156000 	C:\Program Files\Java\jdk-17\bin\nio.dll
0x00007ffa82cd0000 - 0x00007ffa82ce0000 	C:\Program Files\Java\jdk-17\bin\verify.dll
0x00007ffa5e0f0000 - 0x00007ffa5e117000 	C:\Users\suresh\.gradle\native\1def1411415f61bf3af743bc5b6707747c0891f09f0c88961ee8f79bc544acac\windows-amd64\native-platform.dll
0x00007ffa48860000 - 0x00007ffa488d7000 	C:\Users\suresh\.gradle\native\0.2.8\x86_64-windows-gnu\gradle-fileevents.dll
0x00007ffa86310000 - 0x00007ffa8631a000 	C:\Program Files\Java\jdk-17\bin\management.dll
0x00007ffa862e0000 - 0x00007ffa862eb000 	C:\Program Files\Java\jdk-17\bin\management_ext.dll
0x00007ffa89ff0000 - 0x00007ffa8a024000 	C:\WINDOWS\SYSTEM32\IPHLPAPI.DLL
0x00007ffa8da80000 - 0x00007ffa8da8a000 	C:\WINDOWS\System32\NSI.dll
0x00007ffa83340000 - 0x00007ffa8335e000 	C:\WINDOWS\SYSTEM32\dhcpcsvc6.DLL
0x00007ffa827c0000 - 0x00007ffa827e3000 	C:\WINDOWS\SYSTEM32\dhcpcsvc.DLL
0x00007ffa8a030000 - 0x00007ffa8a15c000 	C:\WINDOWS\SYSTEM32\DNSAPI.dll
0x00007ffa8ae90000 - 0x00007ffa8aeab000 	C:\WINDOWS\SYSTEM32\CRYPTSP.dll
0x00007ffa8a5a0000 - 0x00007ffa8a5da000 	C:\WINDOWS\system32\rsaenh.dll
0x00007ffa8ac50000 - 0x00007ffa8ac7b000 	C:\WINDOWS\SYSTEM32\USERENV.dll
0x00007ffa8b7c0000 - 0x00007ffa8b7ea000 	C:\WINDOWS\SYSTEM32\bcrypt.dll
0x00007ffa8aeb0000 - 0x00007ffa8aebc000 	C:\WINDOWS\SYSTEM32\CRYPTBASE.dll
0x00007ffa70050000 - 0x00007ffa7005e000 	C:\Program Files\Java\jdk-17\bin\sunmscapi.dll
0x00007ffa8b8d0000 - 0x00007ffa8ba47000 	C:\WINDOWS\System32\CRYPT32.dll
0x00007ffa8b0d0000 - 0x00007ffa8b100000 	C:\WINDOWS\SYSTEM32\ncrypt.dll
0x00007ffa8b080000 - 0x00007ffa8b0bf000 	C:\WINDOWS\SYSTEM32\NTASN1.dll
0x00007ffa73090000 - 0x00007ffa73098000 	C:\WINDOWS\system32\wshunix.dll

dbghelp: loaded successfully - version: 4.0.5 - missing functions: none
symbol engine: initialized successfully - sym options: 0x614 - pdb path: .;C:\Program Files\Java\jdk-17\bin;C:\WINDOWS\SYSTEM32;C:\WINDOWS\WinSxS\amd64_microsoft.windows.common-controls_6595b64144ccf1df_6.0.26100.7309_none_3e05feeae336a044;C:\Program Files\Java\jdk-17\bin\server;C:\Users\suresh\.gradle\native\1def1411415f61bf3af743bc5b6707747c0891f09f0c88961ee8f79bc544acac\windows-amd64;C:\Users\suresh\.gradle\native\0.2.8\x86_64-windows-gnu

VM Arguments:
jvm_args: --add-opens=java.base/java.lang=ALL-UNNAMED --add-opens=java.base/java.lang.invoke=ALL-UNNAMED --add-opens=java.base/java.util=ALL-UNNAMED --add-opens=java.prefs/java.util.prefs=ALL-UNNAMED --add-exports=jdk.compiler/com.sun.tools.javac.api=ALL-UNNAMED --add-exports=jdk.compiler/com.sun.tools.javac.util=ALL-UNNAMED --add-opens=java.base/java.util=ALL-UNNAMED --add-opens=java.prefs/java.util.prefs=ALL-UNNAMED --add-opens=java.base/java.nio.charset=ALL-UNNAMED --add-opens=java.base/java.net=ALL-UNNAMED --add-opens=java.base/java.util.concurrent=ALL-UNNAMED --add-opens=java.base/java.util.concurrent.atomic=ALL-UNNAMED --add-opens=java.xml/javax.xml.namespace=ALL-UNNAMED -XX:MaxMetaspaceSize=512m -Xmx2048m -Dfile.encoding=windows-1252 -Duser.country=US -Duser.language=en -Duser.variant -javaagent:C:\Users\suresh\.gradle\wrapper\dists\gradle-9.0.0-bin\d6wjpkvcgsg3oed0qlfss3wgl\gradle-9.0.0\lib\agents\gradle-instrumentation-agent-9.0.0.jar 
java_command: org.gradle.launcher.daemon.bootstrap.GradleDaemon 9.0.0
java_class_path (initial): C:\Users\suresh\.gradle\wrapper\dists\gradle-9.0.0-bin\d6wjpkvcgsg3oed0qlfss3wgl\gradle-9.0.0\lib\gradle-daemon-main-9.0.0.jar
Launcher Type: SUN_STANDARD

[Global flags]
     intx CICompilerCount                          = 12                                        {product} {ergonomic}
   size_t CompressedClassSpaceSize                 = 436207616                                 {product} {ergonomic}
     uint ConcGCThreads                            = 3                                         {product} {ergonomic}
     uint G1ConcRefinementThreads                  = 13                                        {product} {ergonomic}
   size_t G1HeapRegionSize                         = 1048576                                   {product} {ergonomic}
    uintx GCDrainStackTargetSize                   = 64                                        {product} {ergonomic}
   size_t InitialHeapSize                          = 130023424                                 {product} {ergonomic}
   size_t MarkStackSize                            = 4194304                                   {product} {ergonomic}
   size_t MaxHeapSize                              = 2147483648                                {product} {command line}
   size_t MaxMetaspaceSize                         = 536870912                                 {product} {command line}
   size_t MaxNewSize                               = 1287651328                                {product} {ergonomic}
   size_t MinHeapDeltaBytes                        = 1048576                                   {product} {ergonomic}
   size_t MinHeapSize                              = 8388608                                   {product} {ergonomic}
    uintx NonNMethodCodeHeapSize                   = 7602480                                {pd product} {ergonomic}
    uintx NonProfiledCodeHeapSize                  = 122027880                              {pd product} {ergonomic}
    uintx ProfiledCodeHeapSize                     = 122027880                              {pd product} {ergonomic}
    uintx ReservedCodeCacheSize                    = 251658240                              {pd product} {ergonomic}
     bool SegmentedCodeCache                       = true                                      {product} {ergonomic}
   size_t SoftMaxHeapSize                          = 2147483648                             {manageable} {ergonomic}
     bool UseCompressedClassPointers               = true                           {product lp64_product} {ergonomic}
     bool UseCompressedOops                        = true                           {product lp64_product} {ergonomic}
     bool UseG1GC                                  = true                                      {product} {ergonomic}
     bool UseLargePagesIndividualAllocation        = false                                  {pd product} {ergonomic}

Logging:
Log output configuration:
 #0: stdout all=warning uptime,level,tags
 #1: stderr all=off uptime,level,tags

Environment Variables:
JAVA_HOME=C:\Program Files\Java\jdk-17
PATH=E:\Student_App\node_modules\.bin;E:\Student_App\node_modules\.bin;E:\node_modules\.bin;C:\Program Files\nodejs\node_modules\npm\node_modules\@npmcli\run-script\lib\node-gyp-bin;C:\Users\suresh\bin;C:\Program Files\Git\mingw64\bin;C:\Program Files\Git\usr\local\bin;C:\Program Files\Git\usr\bin;C:\Program Files\Git\usr\bin;C:\Program Files\Git\mingw64\bin;C:\Program Files\Git\usr\bin;C:\Users\suresh\bin;C:\Program Files\Common Files\Oracle\Java\javapath;C:\WINDOWS\system32;C:\WINDOWS;C:\WINDOWS\System32\Wbem;C:\WINDOWS\System32\WindowsPowerShell\v1.0;C:\WINDOWS\System32\OpenSSH;D:\Downloads\App.Downloads\apache-maven-3.9.9-bin\apache-maven-3.9.9\bin;C:\Program Files\Java\jdk-17\bin;C:\Program Files\Git\cmd;C:\Program Files\Docker\Docker\resources\bin;C:\Program Files\nodejs;
USERNAME=suresh
SHELL=C:\Program Files\Git\usr\bin\bash.exe
DISPLAY=needs-to-be-defined
LANG=en_US.UTF-8
OS=Windows_NT
PROCESSOR_IDENTIFIER=Intel64 Family 6 Model 154 Stepping 3, GenuineIntel



---------------  S Y S T E M  ---------------

OS:
 Windows 11 , 64 bit Build 26100 (10.0.26100.7623)
OS uptime: 0 days 23:05 hours
Hyper-V role detected

CPU: total 16 (initial active 16) (8 cores per cpu, 2 threads per core) family 6 model 154 stepping 3 microcode 0x42c, cx8, cmov, fxsr, ht, mmx, 3dnowpref, sse, sse2, sse3, ssse3, sse4.1, sse4.2, popcnt, lzcnt, tsc, tscinvbit, avx, avx2, aes, erms, clmul, bmi1, bmi2, adx, sha, fma, vzeroupper, clflush, clflushopt, clwb, hv

Memory: 4k page, system-wide physical 7863M (645M free)
TotalPageFile size 32439M (AvailPageFile size 0M)
current process WorkingSet (physical memory assigned to process): 257M, peak: 257M
current process commit charge ("private bytes"): 335M, peak: 337M

vm_info: Java HotSpot(TM) 64-Bit Server VM (17.0.16+12-LTS-247) for windows-amd64 JRE (17.0.16+12-LTS-247), built on Jun 27 2025 10:11:42 by "mach5one" with MS VC++ 17.6 (VS2022)

END.
