#
# There is insufficient memory for the Java Runtime Environment to continue.
# Native memory allocation (malloc) failed to allocate 1898000 bytes for Chunk::new
# Possible reasons:
#   The system is out of physical RAM or swap space
#   The process is running with CompressedOops enabled, and the Java Heap may be blocking the growth of the native heap
# Possible solutions:
#   Reduce memory load on the system
#   Increase physical memory or swap space
#   Check if swap backing store is full
#   Decrease Java heap size (-Xmx/-Xms)
#   Decrease number of Java threads
#   Decrease Java thread stack sizes (-Xss)
#   Set larger code cache with -XX:ReservedCodeCacheSize=
#   JVM is running with Unscaled Compressed Oops mode in which the Java heap is
#     placed in the first 4GB address space. The Java Heap base address is the
#     maximum limit for the native heap growth. Please use -XX:HeapBaseMinAddress
#     to set the Java Heap base and to place the Java Heap above 4GB virtual address.
# This output file may be truncated or incomplete.
#
#  Out of Memory Error (arena.cpp:189), pid=26780, tid=19604
#
# JRE version: Java(TM) SE Runtime Environment (17.0.16+12) (build 17.0.16+12-LTS-247)
# Java VM: Java HotSpot(TM) 64-Bit Server VM (17.0.16+12-LTS-247, mixed mode, sharing, tiered, compressed oops, compressed class ptrs, g1 gc, windows-amd64)
# No core dump will be written. Minidumps are not enabled by default on client versions of Windows
#

---------------  S U M M A R Y ------------

Command Line: --add-opens=java.base/java.lang=ALL-UNNAMED --add-opens=java.base/java.lang.invoke=ALL-UNNAMED --add-opens=java.base/java.util=ALL-UNNAMED --add-opens=java.prefs/java.util.prefs=ALL-UNNAMED --add-exports=jdk.compiler/com.sun.tools.javac.api=ALL-UNNAMED --add-exports=jdk.compiler/com.sun.tools.javac.util=ALL-UNNAMED --add-opens=java.base/java.util=ALL-UNNAMED --add-opens=java.prefs/java.util.prefs=ALL-UNNAMED --add-opens=java.base/java.nio.charset=ALL-UNNAMED --add-opens=java.base/java.net=ALL-UNNAMED --add-opens=java.base/java.util.concurrent=ALL-UNNAMED --add-opens=java.base/java.util.concurrent.atomic=ALL-UNNAMED --add-opens=java.xml/javax.xml.namespace=ALL-UNNAMED -XX:MaxMetaspaceSize=512m -Xmx2048m -Dfile.encoding=windows-1252 -Duser.country=US -Duser.language=en -Duser.variant -javaagent:C:\Users\suresh\.gradle\wrapper\dists\gradle-9.0.0-bin\d6wjpkvcgsg3oed0qlfss3wgl\gradle-9.0.0\lib\agents\gradle-instrumentation-agent-9.0.0.jar org.gradle.launcher.daemon.bootstrap.GradleDaemon 9.0.0

Host: 12th Gen Intel(R) Core(TM) i5-1240P, 16 cores, 7G,  Windows 11 , 64 bit Build 26100 (10.0.26100.7623)
Time: Fri Jan 23 12:02:26 2026 India Standard Time elapsed time: 4.281922 seconds (0d 0h 0m 4s)

---------------  T H R E A D  ---------------

Current thread (0x000001f25e3ab620):  JavaThread "C2 CompilerThread1" daemon [_thread_in_native, id=19604, stack(0x00000080a4900000,0x00000080a4a00000)]


Current CompileTask:
C2:   4281 2619   !   4       java.net.URLClassLoader::findClass (47 bytes)

Stack: [0x00000080a4900000,0x00000080a4a00000]
Native frames: (J=compiled Java code, j=interpreted, Vv=VM code, C=native code)
V  [jvm.dll+0x67a46a]
V  [jvm.dll+0x7da77d]
V  [jvm.dll+0x7dc0c3]
V  [jvm.dll+0x7dc733]
V  [jvm.dll+0x24523f]
V  [jvm.dll+0xab763]
V  [jvm.dll+0xabd2c]
V  [jvm.dll+0x361f0e]
V  [jvm.dll+0x1ba52a]
V  [jvm.dll+0x216b47]
V  [jvm.dll+0x215e1f]
V  [jvm.dll+0x1a2a00]
V  [jvm.dll+0x2262bb]
V  [jvm.dll+0x22445b]
V  [jvm.dll+0x790b9c]
V  [jvm.dll+0x78b18a]
V  [jvm.dll+0x679355]
C  [ucrtbase.dll+0x37b0]
C  [KERNEL32.DLL+0x2e8d7]
C  [ntdll.dll+0x8c53c]


---------------  P R O C E S S  ---------------

Threads class SMR info:
_java_thread_list=0x000001f2018f7be0, length=26, elements={
0x000001f23d64a3b0, 0x000001f25d8a7d50, 0x000001f25d8a8810, 0x000001f25d8c29d0,
0x000001f25d8c3290, 0x000001f25d8c3b50, 0x000001f25d8c6420, 0x000001f25d8c8020,
0x000001f25d8c8920, 0x000001f25d8c9220, 0x000001f25e3a4d10, 0x000001f25e3ab620,
0x000001f25e498b60, 0x000001f27e71d5b0, 0x000001f27ee3d590, 0x000001f27ee74b60,
0x000001f27f07f780, 0x000001f27f080020, 0x000001f27f0808c0, 0x000001f27ef40050,
0x000001f27ef408f0, 0x000001f27ef0dd70, 0x000001f27ef0cf00, 0x000001f27ef0bbc0,
0x000001f27ef0c560, 0x000001f27ef0c090
}

Java Threads: ( => current thread )
  0x000001f23d64a3b0 JavaThread "main" [_thread_blocked, id=11156, stack(0x00000080a3700000,0x00000080a3800000)]
  0x000001f25d8a7d50 JavaThread "Reference Handler" daemon [_thread_blocked, id=25976, stack(0x00000080a3e00000,0x00000080a3f00000)]
  0x000001f25d8a8810 JavaThread "Finalizer" daemon [_thread_blocked, id=22424, stack(0x00000080a3f00000,0x00000080a4000000)]
  0x000001f25d8c29d0 JavaThread "Signal Dispatcher" daemon [_thread_blocked, id=18708, stack(0x00000080a4000000,0x00000080a4100000)]
  0x000001f25d8c3290 JavaThread "Attach Listener" daemon [_thread_blocked, id=16608, stack(0x00000080a4100000,0x00000080a4200000)]
  0x000001f25d8c3b50 JavaThread "Service Thread" daemon [_thread_blocked, id=22104, stack(0x00000080a4200000,0x00000080a4300000)]
  0x000001f25d8c6420 JavaThread "Monitor Deflation Thread" daemon [_thread_blocked, id=18920, stack(0x00000080a4300000,0x00000080a4400000)]
  0x000001f25d8c8020 JavaThread "C2 CompilerThread0" daemon [_thread_in_native, id=20864, stack(0x00000080a4400000,0x00000080a4500000)]
  0x000001f25d8c8920 JavaThread "C1 CompilerThread0" daemon [_thread_blocked, id=7884, stack(0x00000080a4500000,0x00000080a4600000)]
  0x000001f25d8c9220 JavaThread "Sweeper thread" daemon [_thread_blocked, id=16568, stack(0x00000080a4600000,0x00000080a4700000)]
  0x000001f25e3a4d10 JavaThread "Common-Cleaner" daemon [_thread_blocked, id=4576, stack(0x00000080a4800000,0x00000080a4900000)]
=>0x000001f25e3ab620 JavaThread "C2 CompilerThread1" daemon [_thread_in_native, id=19604, stack(0x00000080a4900000,0x00000080a4a00000)]
  0x000001f25e498b60 JavaThread "Notification Thread" daemon [_thread_blocked, id=23992, stack(0x00000080a4a00000,0x00000080a4b00000)]
  0x000001f27e71d5b0 JavaThread "Daemon health stats" [_thread_blocked, id=19012, stack(0x00000080a5200000,0x00000080a5300000)]
  0x000001f27ee3d590 JavaThread "Incoming local TCP Connector on port 58951" [_thread_in_native, id=18456, stack(0x00000080a5300000,0x00000080a5400000)]
  0x000001f27ee74b60 JavaThread "Daemon periodic checks" [_thread_blocked, id=16528, stack(0x00000080a5400000,0x00000080a5500000)]
  0x000001f27f07f780 JavaThread "Daemon" [_thread_blocked, id=18392, stack(0x00000080a5500000,0x00000080a5600000)]
  0x000001f27f080020 JavaThread "Handler for socket connection from /127.0.0.1:58951 to /127.0.0.1:58952" [_thread_in_native, id=22776, stack(0x00000080a5600000,0x00000080a5700000)]
  0x000001f27f0808c0 JavaThread "Cancel handler" [_thread_blocked, id=8336, stack(0x00000080a5700000,0x00000080a5800000)]
  0x000001f27ef40050 JavaThread "Daemon worker" [_thread_in_vm, id=27276, stack(0x00000080a5800000,0x00000080a5900000)]
  0x000001f27ef408f0 JavaThread "Asynchronous log dispatcher for DefaultDaemonConnection: socket connection from /127.0.0.1:58951 to /127.0.0.1:58952" [_thread_blocked, id=12412, stack(0x00000080a5900000,0x00000080a5a00000)]
  0x000001f27ef0dd70 JavaThread "Stdin handler" [_thread_blocked, id=23580, stack(0x00000080a5a00000,0x00000080a5b00000)]
  0x000001f27ef0cf00 JavaThread "Daemon client event forwarder" [_thread_blocked, id=27076, stack(0x00000080a5b00000,0x00000080a5c00000)]
  0x000001f27ef0bbc0 JavaThread "Cache worker for journal cache (C:\Users\suresh\.gradle\caches\journal-1)" [_thread_blocked, id=13108, stack(0x00000080a5c00000,0x00000080a5d00000)]
  0x000001f27ef0c560 JavaThread "File lock request listener" [_thread_in_native, id=21776, stack(0x00000080a5d00000,0x00000080a5e00000)]
  0x000001f27ef0c090 JavaThread "Cache worker for file hash cache (C:\Users\suresh\.gradle\caches\9.0.0\fileHashes)" [_thread_blocked, id=12804, stack(0x00000080a5e00000,0x00000080a5f00000)]

Other Threads:
  0x000001f25d8a2f90 VMThread "VM Thread" [stack: 0x00000080a3d00000,0x00000080a3e00000] [id=25804]
  0x000001f23d6cb9f0 WatcherThread [stack: 0x00000080a4b00000,0x00000080a4c00000] [id=26688]
  0x000001f23d6a6c10 GCTaskThread "GC Thread#0" [stack: 0x00000080a3800000,0x00000080a3900000] [id=22292]
  0x000001f25e5cf240 GCTaskThread "GC Thread#1" [stack: 0x00000080a4c00000,0x00000080a4d00000] [id=20180]
  0x000001f25e7c5760 GCTaskThread "GC Thread#2" [stack: 0x00000080a4d00000,0x00000080a4e00000] [id=5260]
  0x000001f27e588e80 GCTaskThread "GC Thread#3" [stack: 0x00000080a5000000,0x00000080a5100000] [id=10048]
  0x000001f27e2ab510 GCTaskThread "GC Thread#4" [stack: 0x00000080a5100000,0x00000080a5200000] [id=6836]
  0x000001f201dd26d0 GCTaskThread "GC Thread#5" [stack: 0x00000080a5f00000,0x00000080a6000000] [id=21428]
  0x000001f27e3bf580 GCTaskThread "GC Thread#6" [stack: 0x00000080a6000000,0x00000080a6100000] [id=25784]
  0x000001f201921680 GCTaskThread "GC Thread#7" [stack: 0x00000080a6100000,0x00000080a6200000] [id=21320]
  0x000001f201920bc0 GCTaskThread "GC Thread#8" [stack: 0x00000080a6200000,0x00000080a6300000] [id=20960]
  0x000001f201c0c920 GCTaskThread "GC Thread#9" [stack: 0x00000080a6300000,0x00000080a6400000] [id=23752]
  0x000001f201c0c0e0 GCTaskThread "GC Thread#10" [stack: 0x00000080a6400000,0x00000080a6500000] [id=19920]
  0x000001f201c0b320 GCTaskThread "GC Thread#11" [stack: 0x00000080a6500000,0x00000080a6600000] [id=18476]
  0x000001f201c0cbe0 GCTaskThread "GC Thread#12" [stack: 0x00000080a6600000,0x00000080a6700000] [id=24040]
  0x000001f23d6b8740 ConcurrentGCThread "G1 Main Marker" [stack: 0x00000080a3900000,0x00000080a3a00000] [id=13604]
  0x000001f23d6b9800 ConcurrentGCThread "G1 Conc#0" [stack: 0x00000080a3a00000,0x00000080a3b00000] [id=8468]
  0x000001f25d754310 ConcurrentGCThread "G1 Refine#0" [stack: 0x00000080a3b00000,0x00000080a3c00000] [id=24016]
  0x000001f25d755000 ConcurrentGCThread "G1 Service" [stack: 0x00000080a3c00000,0x00000080a3d00000] [id=22008]

Threads with active compile tasks:
C2 CompilerThread0     4310 2620       4       java.net.URLClassLoader$1::run (5 bytes)
C2 CompilerThread1     4310 2619   !   4       java.net.URLClassLoader::findClass (47 bytes)

VM state: not at safepoint (normal execution)

VM Mutex/Monitor currently owned by a thread: None

Heap address: 0x0000000080000000, size: 2048 MB, Compressed Oops mode: 32-bit

CDS archive(s) mapped at: [0x000001f25f000000-0x000001f25fbd0000-0x000001f25fbd0000), size 12386304, SharedBaseAddress: 0x000001f25f000000, ArchiveRelocationMode: 1.
Compressed class space mapped at: 0x000001f260000000-0x000001f27a000000, reserved size: 436207616
Narrow klass base: 0x000001f25f000000, Narrow klass shift: 0, Narrow klass range: 0x100000000

GC Precious Log:
 CPUs: 16 total, 16 available
 Memory: 7863M
 Large Page Support: Disabled
 NUMA Support: Disabled
 Compressed Oops: Enabled (32-bit)
 Heap Region Size: 1M
 Heap Min Capacity: 8M
 Heap Initial Capacity: 124M
 Heap Max Capacity: 2G
 Pre-touch: Disabled
 Parallel Workers: 13
 Concurrent Workers: 3
 Concurrent Refinement Workers: 13
 Periodic GC: Disabled

Heap:
 garbage-first heap   total 126976K, used 31433K [0x0000000080000000, 0x0000000100000000)
  region size 1024K, 20 young (20480K), 10 survivors (10240K)
 Metaspace       used 18685K, committed 19008K, reserved 491520K
  class space    used 2524K, committed 2688K, reserved 425984K

Heap Regions: E=young(eden), S=young(survivor), O=old, HS=humongous(starts), HC=humongous(continues), CS=collection set, F=free, OA=open archive, CA=closed archive, TAMS=top-at-mark-start (previous, next)
|   0|0x0000000080000000, 0x0000000080100000, 0x0000000080100000|100%|HS|  |TAMS 0x0000000080000000, 0x0000000080000000| Complete 
|   1|0x0000000080100000, 0x0000000080200000, 0x0000000080200000|100%|HC|  |TAMS 0x0000000080100000, 0x0000000080100000| Complete 
|   2|0x0000000080200000, 0x0000000080300000, 0x0000000080300000|100%|HC|  |TAMS 0x0000000080200000, 0x0000000080200000| Complete 
|   3|0x0000000080300000, 0x0000000080400000, 0x0000000080400000|100%| O|  |TAMS 0x0000000080300000, 0x0000000080300000| Untracked 
|   4|0x0000000080400000, 0x0000000080500000, 0x0000000080500000|100%| O|  |TAMS 0x0000000080400000, 0x0000000080400000| Untracked 
|   5|0x0000000080500000, 0x0000000080600000, 0x0000000080600000|100%| O|  |TAMS 0x0000000080500000, 0x0000000080500000| Untracked 
|   6|0x0000000080600000, 0x0000000080700000, 0x0000000080700000|100%|HS|  |TAMS 0x0000000080600000, 0x0000000080600000| Complete 
|   7|0x0000000080700000, 0x0000000080800000, 0x0000000080800000|100%|HS|  |TAMS 0x0000000080700000, 0x0000000080700000| Complete 
|   8|0x0000000080800000, 0x0000000080900000, 0x0000000080900000|100%| O|  |TAMS 0x0000000080800000, 0x0000000080800000| Untracked 
|   9|0x0000000080900000, 0x0000000080a00000, 0x0000000080a00000|100%| O|  |TAMS 0x0000000080900000, 0x0000000080900000| Untracked 
|  10|0x0000000080a00000, 0x0000000080b00000, 0x0000000080b00000|100%| O|  |TAMS 0x0000000080a00000, 0x0000000080a00000| Untracked 
|  11|0x0000000080b00000, 0x0000000080c00000, 0x0000000080c00000|100%| O|  |TAMS 0x0000000080b00000, 0x0000000080b00000| Untracked 
|  12|0x0000000080c00000, 0x0000000080c2b400, 0x0000000080d00000| 16%| O|  |TAMS 0x0000000080c00000, 0x0000000080c00000| Untracked 
|  13|0x0000000080d00000, 0x0000000080e00000, 0x0000000080e00000|100%|HS|  |TAMS 0x0000000080d00000, 0x0000000080d00000| Complete 
|  14|0x0000000080e00000, 0x0000000080e00000, 0x0000000080f00000|  0%| F|  |TAMS 0x0000000080e00000, 0x0000000080e00000| Untracked 
|  15|0x0000000080f00000, 0x0000000080f00000, 0x0000000081000000|  0%| F|  |TAMS 0x0000000080f00000, 0x0000000080f00000| Untracked 
|  16|0x0000000081000000, 0x0000000081000000, 0x0000000081100000|  0%| F|  |TAMS 0x0000000081000000, 0x0000000081000000| Untracked 
|  17|0x0000000081100000, 0x0000000081100000, 0x0000000081200000|  0%| F|  |TAMS 0x0000000081100000, 0x0000000081100000| Untracked 
|  18|0x0000000081200000, 0x0000000081200000, 0x0000000081300000|  0%| F|  |TAMS 0x0000000081200000, 0x0000000081200000| Untracked 
|  19|0x0000000081300000, 0x0000000081300000, 0x0000000081400000|  0%| F|  |TAMS 0x0000000081300000, 0x0000000081300000| Untracked 
|  20|0x0000000081400000, 0x0000000081400000, 0x0000000081500000|  0%| F|  |TAMS 0x0000000081400000, 0x0000000081400000| Untracked 
|  21|0x0000000081500000, 0x0000000081500000, 0x0000000081600000|  0%| F|  |TAMS 0x0000000081500000, 0x0000000081500000| Untracked 
|  22|0x0000000081600000, 0x0000000081600000, 0x0000000081700000|  0%| F|  |TAMS 0x0000000081600000, 0x0000000081600000| Untracked 
|  23|0x0000000081700000, 0x0000000081700000, 0x0000000081800000|  0%| F|  |TAMS 0x0000000081700000, 0x0000000081700000| Untracked 
|  24|0x0000000081800000, 0x0000000081800000, 0x0000000081900000|  0%| F|  |TAMS 0x0000000081800000, 0x0000000081800000| Untracked 
|  25|0x0000000081900000, 0x0000000081900000, 0x0000000081a00000|  0%| F|  |TAMS 0x0000000081900000, 0x0000000081900000| Untracked 
|  26|0x0000000081a00000, 0x0000000081a00000, 0x0000000081b00000|  0%| F|  |TAMS 0x0000000081a00000, 0x0000000081a00000| Untracked 
|  27|0x0000000081b00000, 0x0000000081b00000, 0x0000000081c00000|  0%| F|  |TAMS 0x0000000081b00000, 0x0000000081b00000| Untracked 
|  28|0x0000000081c00000, 0x0000000081c00000, 0x0000000081d00000|  0%| F|  |TAMS 0x0000000081c00000, 0x0000000081c00000| Untracked 
|  29|0x0000000081d00000, 0x0000000081d00000, 0x0000000081e00000|  0%| F|  |TAMS 0x0000000081d00000, 0x0000000081d00000| Untracked 
|  30|0x0000000081e00000, 0x0000000081e00000, 0x0000000081f00000|  0%| F|  |TAMS 0x0000000081e00000, 0x0000000081e00000| Untracked 
|  31|0x0000000081f00000, 0x0000000081f00000, 0x0000000082000000|  0%| F|  |TAMS 0x0000000081f00000, 0x0000000081f00000| Untracked 
|  32|0x0000000082000000, 0x0000000082000000, 0x0000000082100000|  0%| F|  |TAMS 0x0000000082000000, 0x0000000082000000| Untracked 
|  33|0x0000000082100000, 0x0000000082100000, 0x0000000082200000|  0%| F|  |TAMS 0x0000000082100000, 0x0000000082100000| Untracked 
|  34|0x0000000082200000, 0x0000000082200000, 0x0000000082300000|  0%| F|  |TAMS 0x0000000082200000, 0x0000000082200000| Untracked 
|  35|0x0000000082300000, 0x0000000082300000, 0x0000000082400000|  0%| F|  |TAMS 0x0000000082300000, 0x0000000082300000| Untracked 
|  36|0x0000000082400000, 0x0000000082400000, 0x0000000082500000|  0%| F|  |TAMS 0x0000000082400000, 0x0000000082400000| Untracked 
|  37|0x0000000082500000, 0x0000000082500000, 0x0000000082600000|  0%| F|  |TAMS 0x0000000082500000, 0x0000000082500000| Untracked 
|  38|0x0000000082600000, 0x0000000082600000, 0x0000000082700000|  0%| F|  |TAMS 0x0000000082600000, 0x0000000082600000| Untracked 
|  39|0x0000000082700000, 0x0000000082700000, 0x0000000082800000|  0%| F|  |TAMS 0x0000000082700000, 0x0000000082700000| Untracked 
|  40|0x0000000082800000, 0x0000000082887030, 0x0000000082900000| 52%| S|CS|TAMS 0x0000000082800000, 0x0000000082800000| Complete 
|  41|0x0000000082900000, 0x0000000082a00000, 0x0000000082a00000|100%| S|CS|TAMS 0x0000000082900000, 0x0000000082900000| Complete 
|  42|0x0000000082a00000, 0x0000000082b00000, 0x0000000082b00000|100%| S|CS|TAMS 0x0000000082a00000, 0x0000000082a00000| Complete 
|  43|0x0000000082b00000, 0x0000000082c00000, 0x0000000082c00000|100%| S|CS|TAMS 0x0000000082b00000, 0x0000000082b00000| Complete 
|  44|0x0000000082c00000, 0x0000000082d00000, 0x0000000082d00000|100%| S|CS|TAMS 0x0000000082c00000, 0x0000000082c00000| Complete 
|  45|0x0000000082d00000, 0x0000000082e00000, 0x0000000082e00000|100%| S|CS|TAMS 0x0000000082d00000, 0x0000000082d00000| Complete 
|  46|0x0000000082e00000, 0x0000000082f00000, 0x0000000082f00000|100%| S|CS|TAMS 0x0000000082e00000, 0x0000000082e00000| Complete 
|  47|0x0000000082f00000, 0x0000000083000000, 0x0000000083000000|100%| S|CS|TAMS 0x0000000082f00000, 0x0000000082f00000| Complete 
|  48|0x0000000083000000, 0x0000000083100000, 0x0000000083100000|100%| S|CS|TAMS 0x0000000083000000, 0x0000000083000000| Complete 
|  49|0x0000000083100000, 0x0000000083200000, 0x0000000083200000|100%| S|CS|TAMS 0x0000000083100000, 0x0000000083100000| Complete 
|  50|0x0000000083200000, 0x0000000083200000, 0x0000000083300000|  0%| F|  |TAMS 0x0000000083200000, 0x0000000083200000| Untracked 
|  51|0x0000000083300000, 0x0000000083300000, 0x0000000083400000|  0%| F|  |TAMS 0x0000000083300000, 0x0000000083300000| Untracked 
|  52|0x0000000083400000, 0x0000000083400000, 0x0000000083500000|  0%| F|  |TAMS 0x0000000083400000, 0x0000000083400000| Untracked 
|  53|0x0000000083500000, 0x0000000083500000, 0x0000000083600000|  0%| F|  |TAMS 0x0000000083500000, 0x0000000083500000| Untracked 
|  54|0x0000000083600000, 0x0000000083600000, 0x0000000083700000|  0%| F|  |TAMS 0x0000000083600000, 0x0000000083600000| Untracked 
|  55|0x0000000083700000, 0x0000000083700000, 0x0000000083800000|  0%| F|  |TAMS 0x0000000083700000, 0x0000000083700000| Untracked 
|  56|0x0000000083800000, 0x0000000083800000, 0x0000000083900000|  0%| F|  |TAMS 0x0000000083800000, 0x0000000083800000| Untracked 
|  57|0x0000000083900000, 0x0000000083900000, 0x0000000083a00000|  0%| F|  |TAMS 0x0000000083900000, 0x0000000083900000| Untracked 
|  58|0x0000000083a00000, 0x0000000083a00000, 0x0000000083b00000|  0%| F|  |TAMS 0x0000000083a00000, 0x0000000083a00000| Untracked 
|  59|0x0000000083b00000, 0x0000000083b00000, 0x0000000083c00000|  0%| F|  |TAMS 0x0000000083b00000, 0x0000000083b00000| Untracked 
|  60|0x0000000083c00000, 0x0000000083c00000, 0x0000000083d00000|  0%| F|  |TAMS 0x0000000083c00000, 0x0000000083c00000| Untracked 
|  61|0x0000000083d00000, 0x0000000083d00000, 0x0000000083e00000|  0%| F|  |TAMS 0x0000000083d00000, 0x0000000083d00000| Untracked 
|  62|0x0000000083e00000, 0x0000000083e00000, 0x0000000083f00000|  0%| F|  |TAMS 0x0000000083e00000, 0x0000000083e00000| Untracked 
|  63|0x0000000083f00000, 0x0000000083f00000, 0x0000000084000000|  0%| F|  |TAMS 0x0000000083f00000, 0x0000000083f00000| Untracked 
|  64|0x0000000084000000, 0x0000000084000000, 0x0000000084100000|  0%| F|  |TAMS 0x0000000084000000, 0x0000000084000000| Untracked 
|  65|0x0000000084100000, 0x0000000084100000, 0x0000000084200000|  0%| F|  |TAMS 0x0000000084100000, 0x0000000084100000| Untracked 
|  66|0x0000000084200000, 0x0000000084200000, 0x0000000084300000|  0%| F|  |TAMS 0x0000000084200000, 0x0000000084200000| Untracked 
|  67|0x0000000084300000, 0x0000000084300000, 0x0000000084400000|  0%| F|  |TAMS 0x0000000084300000, 0x0000000084300000| Untracked 
|  68|0x0000000084400000, 0x0000000084400000, 0x0000000084500000|  0%| F|  |TAMS 0x0000000084400000, 0x0000000084400000| Untracked 
|  69|0x0000000084500000, 0x0000000084500000, 0x0000000084600000|  0%| F|  |TAMS 0x0000000084500000, 0x0000000084500000| Untracked 
|  70|0x0000000084600000, 0x0000000084600000, 0x0000000084700000|  0%| F|  |TAMS 0x0000000084600000, 0x0000000084600000| Untracked 
|  71|0x0000000084700000, 0x0000000084700000, 0x0000000084800000|  0%| F|  |TAMS 0x0000000084700000, 0x0000000084700000| Untracked 
|  72|0x0000000084800000, 0x0000000084800000, 0x0000000084900000|  0%| F|  |TAMS 0x0000000084800000, 0x0000000084800000| Untracked 
|  73|0x0000000084900000, 0x0000000084900000, 0x0000000084a00000|  0%| F|  |TAMS 0x0000000084900000, 0x0000000084900000| Untracked 
|  74|0x0000000084a00000, 0x0000000084a00000, 0x0000000084b00000|  0%| F|  |TAMS 0x0000000084a00000, 0x0000000084a00000| Untracked 
|  75|0x0000000084b00000, 0x0000000084b00000, 0x0000000084c00000|  0%| F|  |TAMS 0x0000000084b00000, 0x0000000084b00000| Untracked 
|  76|0x0000000084c00000, 0x0000000084c00000, 0x0000000084d00000|  0%| F|  |TAMS 0x0000000084c00000, 0x0000000084c00000| Untracked 
|  77|0x0000000084d00000, 0x0000000084d00000, 0x0000000084e00000|  0%| F|  |TAMS 0x0000000084d00000, 0x0000000084d00000| Untracked 
|  78|0x0000000084e00000, 0x0000000084e00000, 0x0000000084f00000|  0%| F|  |TAMS 0x0000000084e00000, 0x0000000084e00000| Untracked 
|  79|0x0000000084f00000, 0x0000000084f00000, 0x0000000085000000|  0%| F|  |TAMS 0x0000000084f00000, 0x0000000084f00000| Untracked 
|  80|0x0000000085000000, 0x0000000085000000, 0x0000000085100000|  0%| F|  |TAMS 0x0000000085000000, 0x0000000085000000| Untracked 
|  81|0x0000000085100000, 0x0000000085100000, 0x0000000085200000|  0%| F|  |TAMS 0x0000000085100000, 0x0000000085100000| Untracked 
|  82|0x0000000085200000, 0x0000000085200000, 0x0000000085300000|  0%| F|  |TAMS 0x0000000085200000, 0x0000000085200000| Untracked 
|  83|0x0000000085300000, 0x0000000085300000, 0x0000000085400000|  0%| F|  |TAMS 0x0000000085300000, 0x0000000085300000| Untracked 
|  84|0x0000000085400000, 0x0000000085400000, 0x0000000085500000|  0%| F|  |TAMS 0x0000000085400000, 0x0000000085400000| Untracked 
|  85|0x0000000085500000, 0x0000000085500000, 0x0000000085600000|  0%| F|  |TAMS 0x0000000085500000, 0x0000000085500000| Untracked 
|  86|0x0000000085600000, 0x0000000085600000, 0x0000000085700000|  0%| F|  |TAMS 0x0000000085600000, 0x0000000085600000| Untracked 
|  87|0x0000000085700000, 0x0000000085700000, 0x0000000085800000|  0%| F|  |TAMS 0x0000000085700000, 0x0000000085700000| Untracked 
|  88|0x0000000085800000, 0x0000000085800000, 0x0000000085900000|  0%| F|  |TAMS 0x0000000085800000, 0x0000000085800000| Untracked 
|  89|0x0000000085900000, 0x0000000085900000, 0x0000000085a00000|  0%| F|  |TAMS 0x0000000085900000, 0x0000000085900000| Untracked 
|  90|0x0000000085a00000, 0x0000000085a00000, 0x0000000085b00000|  0%| F|  |TAMS 0x0000000085a00000, 0x0000000085a00000| Untracked 
|  91|0x0000000085b00000, 0x0000000085b00000, 0x0000000085c00000|  0%| F|  |TAMS 0x0000000085b00000, 0x0000000085b00000| Untracked 
|  92|0x0000000085c00000, 0x0000000085c00000, 0x0000000085d00000|  0%| F|  |TAMS 0x0000000085c00000, 0x0000000085c00000| Untracked 
|  93|0x0000000085d00000, 0x0000000085d00000, 0x0000000085e00000|  0%| F|  |TAMS 0x0000000085d00000, 0x0000000085d00000| Untracked 
|  94|0x0000000085e00000, 0x0000000085e00000, 0x0000000085f00000|  0%| F|  |TAMS 0x0000000085e00000, 0x0000000085e00000| Untracked 
|  95|0x0000000085f00000, 0x0000000085f00000, 0x0000000086000000|  0%| F|  |TAMS 0x0000000085f00000, 0x0000000085f00000| Untracked 
|  96|0x0000000086000000, 0x0000000086000000, 0x0000000086100000|  0%| F|  |TAMS 0x0000000086000000, 0x0000000086000000| Untracked 
|  97|0x0000000086100000, 0x0000000086100000, 0x0000000086200000|  0%| F|  |TAMS 0x0000000086100000, 0x0000000086100000| Untracked 
|  98|0x0000000086200000, 0x0000000086200000, 0x0000000086300000|  0%| F|  |TAMS 0x0000000086200000, 0x0000000086200000| Untracked 
|  99|0x0000000086300000, 0x0000000086300000, 0x0000000086400000|  0%| F|  |TAMS 0x0000000086300000, 0x0000000086300000| Untracked 
| 100|0x0000000086400000, 0x0000000086400000, 0x0000000086500000|  0%| F|  |TAMS 0x0000000086400000, 0x0000000086400000| Untracked 
| 101|0x0000000086500000, 0x0000000086500000, 0x0000000086600000|  0%| F|  |TAMS 0x0000000086500000, 0x0000000086500000| Untracked 
| 102|0x0000000086600000, 0x0000000086600000, 0x0000000086700000|  0%| F|  |TAMS 0x0000000086600000, 0x0000000086600000| Untracked 
| 103|0x0000000086700000, 0x0000000086700000, 0x0000000086800000|  0%| F|  |TAMS 0x0000000086700000, 0x0000000086700000| Untracked 
| 104|0x0000000086800000, 0x0000000086800000, 0x0000000086900000|  0%| F|  |TAMS 0x0000000086800000, 0x0000000086800000| Untracked 
| 105|0x0000000086900000, 0x0000000086900000, 0x0000000086a00000|  0%| F|  |TAMS 0x0000000086900000, 0x0000000086900000| Untracked 
| 106|0x0000000086a00000, 0x0000000086a00000, 0x0000000086b00000|  0%| F|  |TAMS 0x0000000086a00000, 0x0000000086a00000| Untracked 
| 107|0x0000000086b00000, 0x0000000086b00000, 0x0000000086c00000|  0%| F|  |TAMS 0x0000000086b00000, 0x0000000086b00000| Untracked 
| 108|0x0000000086c00000, 0x0000000086c00000, 0x0000000086d00000|  0%| F|  |TAMS 0x0000000086c00000, 0x0000000086c00000| Untracked 
| 109|0x0000000086d00000, 0x0000000086d00000, 0x0000000086e00000|  0%| F|  |TAMS 0x0000000086d00000, 0x0000000086d00000| Untracked 
| 110|0x0000000086e00000, 0x0000000086e00000, 0x0000000086f00000|  0%| F|  |TAMS 0x0000000086e00000, 0x0000000086e00000| Untracked 
| 111|0x0000000086f00000, 0x0000000086f00000, 0x0000000087000000|  0%| F|  |TAMS 0x0000000086f00000, 0x0000000086f00000| Untracked 
| 112|0x0000000087000000, 0x0000000087000000, 0x0000000087100000|  0%| F|  |TAMS 0x0000000087000000, 0x0000000087000000| Untracked 
| 113|0x0000000087100000, 0x0000000087180800, 0x0000000087200000| 50%| E|  |TAMS 0x0000000087100000, 0x0000000087100000| Complete 
| 114|0x0000000087200000, 0x0000000087300000, 0x0000000087300000|100%| E|CS|TAMS 0x0000000087200000, 0x0000000087200000| Complete 
| 115|0x0000000087300000, 0x0000000087400000, 0x0000000087400000|100%| E|CS|TAMS 0x0000000087300000, 0x0000000087300000| Complete 
| 116|0x0000000087400000, 0x0000000087500000, 0x0000000087500000|100%| E|CS|TAMS 0x0000000087400000, 0x0000000087400000| Complete 
| 117|0x0000000087500000, 0x0000000087600000, 0x0000000087600000|100%| E|  |TAMS 0x0000000087500000, 0x0000000087500000| Complete 
| 118|0x0000000087600000, 0x0000000087700000, 0x0000000087700000|100%| E|CS|TAMS 0x0000000087600000, 0x0000000087600000| Complete 
| 119|0x0000000087700000, 0x0000000087800000, 0x0000000087800000|100%| E|CS|TAMS 0x0000000087700000, 0x0000000087700000| Complete 
| 120|0x0000000087800000, 0x0000000087900000, 0x0000000087900000|100%| E|CS|TAMS 0x0000000087800000, 0x0000000087800000| Complete 
| 121|0x0000000087900000, 0x0000000087a00000, 0x0000000087a00000|100%| E|CS|TAMS 0x0000000087900000, 0x0000000087900000| Complete 
| 122|0x0000000087a00000, 0x0000000087b00000, 0x0000000087b00000|100%| E|CS|TAMS 0x0000000087a00000, 0x0000000087a00000| Complete 
| 123|0x0000000087b00000, 0x0000000087c00000, 0x0000000087c00000|100%| E|CS|TAMS 0x0000000087b00000, 0x0000000087b00000| Complete 

Card table byte_map: [0x000001f2568c0000,0x000001f256cc0000] _byte_map_base: 0x000001f2564c0000

Marking Bits (Prev, Next): (CMBitMap*) 0x000001f23d6a7140, (CMBitMap*) 0x000001f23d6a7180
 Prev Bits: [0x000001f2570c0000, 0x000001f2590c0000)
 Next Bits: [0x000001f2590c0000, 0x000001f25b0c0000)

Polling page: 0x000001f23d380000

Metaspace:

Usage:
  Non-class:     15.79 MB used.
      Class:      2.47 MB used.
       Both:     18.26 MB used.

Virtual space:
  Non-class space:       64.00 MB reserved,      15.94 MB ( 25%) committed,  1 nodes.
      Class space:      416.00 MB reserved,       2.62 MB ( <1%) committed,  1 nodes.
             Both:      480.00 MB reserved,      18.56 MB (  4%) committed. 

Chunk freelists:
   Non-Class:  15.69 MB
       Class:  13.42 MB
        Both:  29.11 MB

MaxMetaspaceSize: 512.00 MB
CompressedClassSpaceSize: 416.00 MB
Initial GC threshold: 21.00 MB
Current GC threshold: 21.00 MB
CDS: on
MetaspaceReclaimPolicy: balanced
 - commit_granule_bytes: 65536.
 - commit_granule_words: 8192.
 - virtual_space_node_default_size: 8388608.
 - enlarge_chunks_in_place: 1.
 - new_chunks_are_fully_committed: 0.
 - uncommit_free_chunks: 1.
 - use_allocation_guard: 0.
 - handle_deallocations: 1.


Internal statistics:

num_allocs_failed_limit: 0.
num_arena_births: 196.
num_arena_deaths: 0.
num_vsnodes_births: 2.
num_vsnodes_deaths: 0.
num_space_committed: 297.
num_space_uncommitted: 0.
num_chunks_returned_to_freelist: 0.
num_chunks_taken_from_freelist: 828.
num_chunk_merges: 0.
num_chunk_splits: 554.
num_chunks_enlarged: 417.
num_inconsistent_stats: 0.

CodeHeap 'non-profiled nmethods': size=119168Kb used=1309Kb max_used=1309Kb free=117858Kb
 bounds [0x000001f24e0b0000, 0x000001f24e320000, 0x000001f255510000]
CodeHeap 'profiled nmethods': size=119104Kb used=5556Kb max_used=5556Kb free=113548Kb
 bounds [0x000001f246510000, 0x000001f246a80000, 0x000001f24d960000]
CodeHeap 'non-nmethods': size=7488Kb used=1237Kb max_used=2972Kb free=6250Kb
 bounds [0x000001f24d960000, 0x000001f24dc60000, 0x000001f24e0b0000]
 total_blobs=3219 nmethods=2673 adapters=458
 compilation: enabled
              stopped_count=0, restarted_count=0
 full_count=0

Compilation events (20 events):
Event: 3.209 Thread 0x000001f25ed1e8c0 nmethod 2650 0x000001f246a6ba10 code [0x000001f246a6bbc0, 0x000001f246a6bf78]
Event: 3.210 Thread 0x000001f25e3167d0 nmethod 2649 0x000001f246a6c090 code [0x000001f246a6c260, 0x000001f246a6c768]
Event: 3.211 Thread 0x000001f25e3167d0 2651       3       org.gradle.internal.service.DefaultServiceRegistry$FactoryMethodService::getMethod (46 bytes)
Event: 3.212 Thread 0x000001f25e3167d0 nmethod 2651 0x000001f246a6c890 code [0x000001f246a6cae0, 0x000001f246a6d208]
Event: 3.213 Thread 0x000001f25e3167d0 2652       3       java.lang.WeakPairMap$Pair$Weak::first (5 bytes)
Event: 3.213 Thread 0x000001f25e3167d0 nmethod 2652 0x000001f246a6d510 code [0x000001f246a6d6a0, 0x000001f246a6d878]
Event: 3.214 Thread 0x000001f25ed1e8c0 2653       3       java.util.LinkedHashMap::values (25 bytes)
Event: 3.214 Thread 0x000001f25ed1e8c0 nmethod 2653 0x000001f246a6d910 code [0x000001f246a6dac0, 0x000001f246a6de38]
Event: 3.744 Thread 0x000001f25ed1e8c0 2654       3       java.util.concurrent.locks.ReentrantLock::unlock (10 bytes)
Event: 3.744 Thread 0x000001f25ed1e8c0 nmethod 2654 0x000001f246a6df90 code [0x000001f246a6e160, 0x000001f246a6e438]
Event: 3.824 Thread 0x000001f25d8c8920 2656       3       java.util.concurrent.locks.AbstractQueuedSynchronizer::signalNext (34 bytes)
Event: 3.824 Thread 0x000001f25d8c8920 nmethod 2656 0x000001f246a6e590 code [0x000001f246a6e760, 0x000001f246a6ea18]
Event: 3.932 Thread 0x000001f25d8c8920 2657       3       java.util.concurrent.locks.ReentrantLock$NonfairSync::initialTryLock (58 bytes)
Event: 3.933 Thread 0x000001f25d8c8920 nmethod 2657 0x000001f246a6eb90 code [0x000001f246a6ed60, 0x000001f246a6f178]
Event: 4.167 Thread 0x000001f25d8c8920 2659       3       jdk.internal.misc.Unsafe::putReferenceOpaque (9 bytes)
Event: 4.167 Thread 0x000001f25d8c8920 nmethod 2659 0x000001f246a6f290 code [0x000001f246a6f420, 0x000001f246a6f578]
Event: 4.182 Thread 0x000001f25d8c8920 2660       3       java.util.concurrent.locks.AbstractQueuedSynchronizer$ConditionObject::canReacquire (28 bytes)
Event: 4.183 Thread 0x000001f25d8c8920 nmethod 2660 0x000001f246a6f610 code [0x000001f246a6f7c0, 0x000001f246a6fb18]
Event: 4.229 Thread 0x000001f25d8c8920 2661       3       java.util.concurrent.locks.LockSupport::setBlocker (12 bytes)
Event: 4.274 Thread 0x000001f25d8c8920 nmethod 2661 0x000001f246a6fc90 code [0x000001f246a6fe40, 0x000001f246a70048]

GC Heap History (8 events):
Event: 0.449 GC heap before
{Heap before GC invocations=0 (full 0):
 garbage-first heap   total 126976K, used 22528K [0x0000000080000000, 0x0000000100000000)
  region size 1024K, 23 young (23552K), 0 survivors (0K)
 Metaspace       used 1057K, committed 1216K, reserved 491520K
  class space    used 72K, committed 128K, reserved 425984K
}
Event: 0.452 GC heap after
{Heap after GC invocations=1 (full 0):
 garbage-first heap   total 126976K, used 2048K [0x0000000080000000, 0x0000000100000000)
  region size 1024K, 2 young (2048K), 2 survivors (2048K)
 Metaspace       used 1057K, committed 1216K, reserved 491520K
  class space    used 72K, committed 128K, reserved 425984K
}
Event: 1.100 GC heap before
{Heap before GC invocations=1 (full 0):
 garbage-first heap   total 126976K, used 40960K [0x0000000080000000, 0x0000000100000000)
  region size 1024K, 37 young (37888K), 2 survivors (2048K)
 Metaspace       used 4572K, committed 4736K, reserved 491520K
  class space    used 570K, committed 640K, reserved 425984K
}
Event: 1.108 GC heap after
{Heap after GC invocations=2 (full 0):
 garbage-first heap   total 126976K, used 10772K [0x0000000080000000, 0x0000000100000000)
  region size 1024K, 5 young (5120K), 5 survivors (5120K)
 Metaspace       used 4572K, committed 4736K, reserved 491520K
  class space    used 570K, committed 640K, reserved 425984K
}
Event: 1.624 GC heap before
{Heap before GC invocations=2 (full 0):
 garbage-first heap   total 126976K, used 60948K [0x0000000080000000, 0x0000000100000000)
  region size 1024K, 52 young (53248K), 5 survivors (5120K)
 Metaspace       used 4874K, committed 5056K, reserved 491520K
  class space    used 617K, committed 704K, reserved 425984K
}
Event: 1.629 GC heap after
{Heap after GC invocations=3 (full 0):
 garbage-first heap   total 126976K, used 15785K [0x0000000080000000, 0x0000000100000000)
  region size 1024K, 5 young (5120K), 5 survivors (5120K)
 Metaspace       used 4874K, committed 5056K, reserved 491520K
  class space    used 617K, committed 704K, reserved 425984K
}
Event: 3.162 GC heap before
{Heap before GC invocations=3 (full 0):
 garbage-first heap   total 126976K, used 85417K [0x0000000080000000, 0x0000000100000000)
  region size 1024K, 74 young (75776K), 5 survivors (5120K)
 Metaspace       used 16833K, committed 17152K, reserved 491520K
  class space    used 2344K, committed 2496K, reserved 425984K
}
Event: 3.168 GC heap after
{Heap after GC invocations=4 (full 0):
 garbage-first heap   total 126976K, used 21193K [0x0000000080000000, 0x0000000100000000)
  region size 1024K, 10 young (10240K), 10 survivors (10240K)
 Metaspace       used 16833K, committed 17152K, reserved 491520K
  class space    used 2344K, committed 2496K, reserved 425984K
}

Deoptimization events (20 events):
Event: 2.859 Thread 0x000001f27ef40050 DEOPT PACKING pc=0x000001f24e199574 sp=0x00000080a58fa3c0
Event: 2.859 Thread 0x000001f27ef40050 DEOPT UNPACKING pc=0x000001f24d9b23a3 sp=0x00000080a58fa2c8 mode 2
Event: 2.880 Thread 0x000001f27ef40050 Uncommon trap: trap_request=0xffffff45 fr.pc=0x000001f24e0d081c relative=0x0000000000000a9c
Event: 2.880 Thread 0x000001f27ef40050 Uncommon trap: reason=unstable_if action=reinterpret pc=0x000001f24e0d081c method=java.io.WinNTFileSystem.resolve(Ljava/lang/String;Ljava/lang/String;)Ljava/lang/String; @ 19 c2
Event: 2.880 Thread 0x000001f27ef40050 DEOPT PACKING pc=0x000001f24e0d081c sp=0x00000080a58fafd0
Event: 2.880 Thread 0x000001f27ef40050 DEOPT UNPACKING pc=0x000001f24d9b23a3 sp=0x00000080a58faf78 mode 2
Event: 2.882 Thread 0x000001f27ef40050 Uncommon trap: trap_request=0xffffff45 fr.pc=0x000001f24e0df3a0 relative=0x00000000000005e0
Event: 2.882 Thread 0x000001f27ef40050 Uncommon trap: reason=unstable_if action=reinterpret pc=0x000001f24e0df3a0 method=java.io.File.getName()Ljava/lang/String; @ 16 c2
Event: 2.882 Thread 0x000001f27ef40050 DEOPT PACKING pc=0x000001f24e0df3a0 sp=0x00000080a58faf80
Event: 2.882 Thread 0x000001f27ef40050 DEOPT UNPACKING pc=0x000001f24d9b23a3 sp=0x00000080a58faf50 mode 2
Event: 2.937 Thread 0x000001f27ef40050 Uncommon trap: trap_request=0xffffff45 fr.pc=0x000001f24e150a78 relative=0x00000000000000d8
Event: 2.937 Thread 0x000001f27ef40050 Uncommon trap: reason=unstable_if action=reinterpret pc=0x000001f24e150a78 method=java.util.HashMap.hash(Ljava/lang/Object;)I @ 1 c2
Event: 2.937 Thread 0x000001f27ef40050 DEOPT PACKING pc=0x000001f24e150a78 sp=0x00000080a58fbd10
Event: 2.937 Thread 0x000001f27ef40050 DEOPT UNPACKING pc=0x000001f24d9b23a3 sp=0x00000080a58fbc50 mode 2
Event: 3.135 Thread 0x000001f27ef40050 DEOPT PACKING pc=0x000001f2469467ea sp=0x00000080a58f9c10
Event: 3.135 Thread 0x000001f27ef40050 DEOPT UNPACKING pc=0x000001f24d9b2b43 sp=0x00000080a58f9120 mode 0
Event: 3.172 Thread 0x000001f27ef40050 DEOPT PACKING pc=0x000001f2469467c9 sp=0x00000080a58fbb10
Event: 3.172 Thread 0x000001f27ef40050 DEOPT UNPACKING pc=0x000001f24d9b2b43 sp=0x00000080a58fb020 mode 0
Event: 3.184 Thread 0x000001f27ef40050 DEOPT PACKING pc=0x000001f2469467c9 sp=0x00000080a58fbcf0
Event: 3.184 Thread 0x000001f27ef40050 DEOPT UNPACKING pc=0x000001f24d9b2b43 sp=0x00000080a58fb200 mode 0

Classes unloaded (0 events):
No events

Classes redefined (0 events):
No events

Internal exceptions (20 events):
Event: 2.293 Thread 0x000001f27f07f780 Exception <a 'java/lang/NoSuchMethodError'{0x0000000086566e00}: 'void java.lang.invoke.DirectMethodHandle$Holder.invokeSpecial(java.lang.Object, java.lang.Object, java.lang.Object)'> (0x0000000086566e00) 
thrown [s\open\src\hotspot\share\interpreter\linkResolver.cpp, line 759]
Event: 2.384 Thread 0x000001f27ef40050 Exception <a 'java/lang/NoSuchMethodError'{0x0000000085f7ca88}: 'long java.lang.invoke.DirectMethodHandle$Holder.invokeInterface(java.lang.Object, java.lang.Object)'> (0x0000000085f7ca88) 
thrown [s\open\src\hotspot\share\interpreter\linkResolver.cpp, line 759]
Event: 2.462 Thread 0x000001f27ef40050 Exception <a 'java/lang/NoSuchMethodError'{0x0000000085b9b4e0}: 'void java.lang.invoke.DirectMethodHandle$Holder.invokeStatic(java.lang.Object, java.lang.Object)'> (0x0000000085b9b4e0) 
thrown [s\open\src\hotspot\share\interpreter\linkResolver.cpp, line 759]
Event: 2.510 Thread 0x000001f27ef40050 Exception <a 'java/lang/NoSuchMethodError'{0x0000000085841e78}: 'int java.lang.invoke.DirectMethodHandle$Holder.invokeVirtual(java.lang.Object, java.lang.Object, java.lang.Object)'> (0x0000000085841e78) 
thrown [s\open\src\hotspot\share\interpreter\linkResolver.cpp, line 759]
Event: 2.551 Thread 0x000001f27ef40050 Exception <a 'java/lang/NoSuchMethodError'{0x000000008550a0b8}: 'java.lang.Object java.lang.invoke.DirectMethodHandle$Holder.newInvokeSpecial(java.lang.Object, java.lang.Object, java.lang.Object, java.lang.Object, java.lang.Object, java.lang.Object)'> (0x000000008550a0b8) 
thrown [s\open\src\hotspot\share\interpreter\linkResolver.cpp, line 759]
Event: 2.603 Thread 0x000001f27ef40050 Exception <a 'java/lang/NoSuchMethodError'{0x00000000853f3778}: 'void java.lang.invoke.DelegatingMethodHandle$Holder.reinvoke_L(java.lang.Object, java.lang.Object, java.lang.Object, java.lang.Object, java.lang.Object, java.lang.Object, java.lang.Object, java.lang.Object, java.lang.Object, java.lang.Object)'> (0x00000000853f3778) 
thrown [s\open\src\hotspot\share\interpreter\linkResolver.cpp, line 759]
Event: 2.603 Thread 0x000001f27ef40050 Exception <a 'java/lang/NoSuchMethodError'{0x00000000853fbbe8}: 'java.lang.Object java.lang.invoke.DirectMethodHandle$Holder.invokeSpecial(java.lang.Object, java.lang.Object, java.lang.Object, java.lang.Object, java.lang.Object, java.lang.Object, java.lang.Object, java.lang.Object, java.lang.Object, java.lang.Object)'> (0x00000000853fbbe8) 
thrown [s\open\src\hotspot\share\interpreter\linkResolver.cpp, line 759]
Event: 2.604 Thread 0x000001f27ef40050 Exception <a 'java/lang/NoSuchMethodError'{0x0000000085200c40}: 'java.lang.Object java.lang.invoke.Invokers$Holder.invoker(java.lang.Object, java.lang.Object, java.lang.Object, java.lang.Object, java.lang.Object, java.lang.Object, java.lang.Object, java.lang.Object, java.lang.Object, java.lang.Object)'> (0x0000000085200c40) 
thrown [s\open\src\hotspot\share\interpreter\linkResolver.cpp, line 759]
Event: 2.604 Thread 0x000001f27ef40050 Exception <a 'java/lang/NoSuchMethodError'{0x0000000085206848}: 'java.lang.Object java.lang.invoke.DirectMethodHandle$Holder.invokeSpecial(java.lang.Object, java.lang.Object, java.lang.Object, java.lang.Object, java.lang.Object, java.lang.Object, java.lang.Object, java.lang.Object, java.lang.Object, java.lang.Object, java.lang.Object)'> (0x0000000085206848) 
thrown [s\open\src\hotspot\share\interpreter\linkResolver.cpp, line 759]
Event: 2.804 Thread 0x000001f27ef40050 Exception <a 'java/lang/NoSuchMethodError'{0x0000000084aee4c0}: 'java.lang.Object java.lang.invoke.DirectMethodHandle$Holder.newInvokeSpecial(java.lang.Object, java.lang.Object, int)'> (0x0000000084aee4c0) 
thrown [s\open\src\hotspot\share\interpreter\linkResolver.cpp, line 759]
Event: 2.849 Thread 0x000001f27ef40050 Exception <a 'java/lang/NoSuchMethodError'{0x000000008425dad8}: 'int java.lang.invoke.DirectMethodHandle$Holder.invokeStatic(java.lang.Object, java.lang.Object, int)'> (0x000000008425dad8) 
thrown [s\open\src\hotspot\share\interpreter\linkResolver.cpp, line 759]
Event: 2.890 Thread 0x000001f27ef40050 Exception <a 'java/lang/NoSuchMethodError'{0x00000000840d2258}: 'void java.lang.invoke.DirectMethodHandle$Holder.invokeStatic(java.lang.Object, java.lang.Object, java.lang.Object, java.lang.Object)'> (0x00000000840d2258) 
thrown [s\open\src\hotspot\share\interpreter\linkResolver.cpp, line 759]
Event: 2.890 Thread 0x000001f27ef40050 Exception <a 'java/lang/NoSuchMethodError'{0x00000000840d66f8}: 'void java.lang.invoke.DirectMethodHandle$Holder.invokeStaticInit(java.lang.Object, java.lang.Object, java.lang.Object, java.lang.Object)'> (0x00000000840d66f8) 
thrown [s\open\src\hotspot\share\interpreter\linkResolver.cpp, line 759]
Event: 2.898 Thread 0x000001f27ef40050 Exception <a 'java/lang/NoSuchMethodError'{0x0000000083f3c298}: 'java.lang.Object java.lang.invoke.DirectMethodHandle$Holder.invokeInterface(java.lang.Object, java.lang.Object, java.lang.Object)'> (0x0000000083f3c298) 
thrown [s\open\src\hotspot\share\interpreter\linkResolver.cpp, line 759]
Event: 2.914 Thread 0x000001f27ef40050 Exception <a 'java/lang/NoSuchMethodError'{0x0000000083e2e4c8}: 'int java.lang.invoke.DirectMethodHandle$Holder.invokeSpecialIFC(java.lang.Object, java.lang.Object, java.lang.Object, java.lang.Object)'> (0x0000000083e2e4c8) 
thrown [s\open\src\hotspot\share\interpreter\linkResolver.cpp, line 759]
Event: 2.916 Thread 0x000001f27ef40050 Exception <a 'java/lang/IncompatibleClassChangeError'{0x0000000083e3d260}: Found class java.lang.Object, but interface was expected> (0x0000000083e3d260) 
thrown [s\open\src\hotspot\share\interpreter\linkResolver.cpp, line 826]
Event: 2.937 Thread 0x000001f27ef40050 Implicit null exception at 0x000001f24e1509d8 to 0x000001f24e150a6e
Event: 2.955 Thread 0x000001f27ef40050 Exception <a 'java/lang/NoSuchMethodError'{0x0000000083c68b78}: 'int java.lang.invoke.DirectMethodHandle$Holder.invokeStatic(java.lang.Object, java.lang.Object, java.lang.Object, java.lang.Object)'> (0x0000000083c68b78) 
thrown [s\open\src\hotspot\share\interpreter\linkResolver.cpp, line 759]
Event: 2.955 Thread 0x000001f27ef40050 Exception <a 'java/lang/NoSuchMethodError'{0x0000000083c6ca48}: 'java.lang.Object java.lang.invoke.Invokers$Holder.invokeExact_MT(java.lang.Object, java.lang.Object, java.lang.Object, java.lang.Object, java.lang.Object, java.lang.Object)'> (0x0000000083c6ca48) 
thrown [s\open\src\hotspot\share\interpreter\linkResolver.cpp, line 759]
Event: 3.221 Thread 0x000001f27ef40050 Exception <a 'java/lang/NoSuchMethodError'{0x0000000087802aa8}: 'int java.lang.invoke.DirectMethodHandle$Holder.invokeStaticInit(java.lang.Object, java.lang.Object, java.lang.Object)'> (0x0000000087802aa8) 
thrown [s\open\src\hotspot\share\interpreter\linkResolver.cpp, line 759]

VM Operations (20 events):
Event: 1.962 Executing VM operation: HandshakeAllThreads
Event: 1.962 Executing VM operation: HandshakeAllThreads done
Event: 1.997 Executing VM operation: HandshakeAllThreads
Event: 1.997 Executing VM operation: HandshakeAllThreads done
Event: 2.014 Executing VM operation: HandshakeAllThreads
Event: 2.014 Executing VM operation: HandshakeAllThreads done
Event: 2.053 Executing VM operation: HandshakeAllThreads
Event: 2.053 Executing VM operation: HandshakeAllThreads done
Event: 2.192 Executing VM operation: HandshakeAllThreads
Event: 2.192 Executing VM operation: HandshakeAllThreads done
Event: 2.370 Executing VM operation: ICBufferFull
Event: 2.370 Executing VM operation: ICBufferFull done
Event: 2.992 Executing VM operation: HandshakeAllThreads
Event: 2.992 Executing VM operation: HandshakeAllThreads done
Event: 2.992 Executing VM operation: HandshakeAllThreads
Event: 2.992 Executing VM operation: HandshakeAllThreads done
Event: 3.161 Executing VM operation: G1CollectForAllocation
Event: 3.168 Executing VM operation: G1CollectForAllocation done
Event: 4.182 Executing VM operation: Cleanup
Event: 4.182 Executing VM operation: Cleanup done

Events (20 events):
Event: 2.868 Thread 0x000001f27ef0c090 Thread added: 0x000001f27ef0c090
Event: 2.881 loading class java/io/File$TempDirectory
Event: 2.881 loading class java/io/File$TempDirectory done
Event: 2.911 loading class java/util/concurrent/Semaphore
Event: 2.911 loading class java/util/concurrent/Semaphore done
Event: 2.913 loading class java/nio/file/FileVisitOption
Event: 2.913 loading class java/nio/file/FileVisitOption done
Event: 2.916 loading class java/util/stream/ReduceOps$1
Event: 2.916 loading class java/util/stream/ReduceOps$1 done
Event: 2.916 loading class java/util/stream/ReduceOps$1ReducingSink
Event: 2.916 loading class java/util/stream/ReduceOps$1ReducingSink done
Event: 3.080 loading class java/util/function/LongFunction
Event: 3.080 loading class java/util/function/LongFunction done
Event: 3.131 loading class java/security/InvalidKeyException
Event: 3.131 loading class java/security/KeyException
Event: 3.131 loading class java/security/KeyException done
Event: 3.131 loading class java/security/InvalidKeyException done
Event: 3.256 loading class java/lang/Override
Event: 3.256 loading class java/lang/Override done
Event: 3.744 Thread 0x000001f27e47c6d0 Thread exited: 0x000001f27e47c6d0


Dynamic libraries:
0x00007ff7bd8b0000 - 0x00007ff7bd8c0000 	C:\Program Files\Java\jdk-17\bin\java.exe
0x00007ffa8e780000 - 0x00007ffa8e9e7000 	C:\WINDOWS\SYSTEM32\ntdll.dll
0x00007ffa8c880000 - 0x00007ffa8c949000 	C:\WINDOWS\System32\KERNEL32.DLL
0x00007ffa8bf20000 - 0x00007ffa8c30f000 	C:\WINDOWS\System32\KERNELBASE.dll
0x00007ffa8c3d0000 - 0x00007ffa8c51b000 	C:\WINDOWS\System32\ucrtbase.dll
0x00007ffa82930000 - 0x00007ffa82949000 	C:\Program Files\Java\jdk-17\bin\jli.dll
0x00007ffa82830000 - 0x00007ffa8284b000 	C:\Program Files\Java\jdk-17\bin\VCRUNTIME140.dll
0x00007ffa8dbc0000 - 0x00007ffa8dc74000 	C:\WINDOWS\System32\ADVAPI32.dll
0x00007ffa8e5d0000 - 0x00007ffa8e679000 	C:\WINDOWS\System32\msvcrt.dll
0x00007ffa8e210000 - 0x00007ffa8e2b6000 	C:\WINDOWS\System32\sechost.dll
0x00007ffa8c740000 - 0x00007ffa8c858000 	C:\WINDOWS\System32\RPCRT4.dll
0x00007ffa8d880000 - 0x00007ffa8da45000 	C:\WINDOWS\System32\USER32.dll
0x00007ffa8ba50000 - 0x00007ffa8ba77000 	C:\WINDOWS\System32\win32u.dll
0x00007ffa6c540000 - 0x00007ffa6c7d3000 	C:\WINDOWS\WinSxS\amd64_microsoft.windows.common-controls_6595b64144ccf1df_6.0.26100.7309_none_3e05feeae336a044\COMCTL32.dll
0x00007ffa8da50000 - 0x00007ffa8da7b000 	C:\WINDOWS\System32\GDI32.dll
0x00007ffa8bb30000 - 0x00007ffa8bc5c000 	C:\WINDOWS\System32\gdi32full.dll
0x00007ffa8ba80000 - 0x00007ffa8bb23000 	C:\WINDOWS\System32\msvcp_win.dll
0x00007ffa827f0000 - 0x00007ffa827fb000 	C:\WINDOWS\SYSTEM32\VERSION.dll
0x00007ffa8e590000 - 0x00007ffa8e5c1000 	C:\WINDOWS\System32\IMM32.DLL
0x00007ffa88240000 - 0x00007ffa8824c000 	C:\Program Files\Java\jdk-17\bin\vcruntime140_1.dll
0x00007ffa488e0000 - 0x00007ffa4896e000 	C:\Program Files\Java\jdk-17\bin\msvcp140.dll
0x00007ff9dead0000 - 0x00007ff9df6b1000 	C:\Program Files\Java\jdk-17\bin\server\jvm.dll
0x00007ffa8e2c0000 - 0x00007ffa8e2c8000 	C:\WINDOWS\System32\PSAPI.DLL
0x00007ffa88220000 - 0x00007ffa8822a000 	C:\WINDOWS\SYSTEM32\WSOCK32.dll
0x00007ffa7ba70000 - 0x00007ffa7baa5000 	C:\WINDOWS\SYSTEM32\WINMM.dll
0x00007ffa8e3a0000 - 0x00007ffa8e414000 	C:\WINDOWS\System32\WS2_32.dll
0x00007ffa8a640000 - 0x00007ffa8a65b000 	C:\WINDOWS\SYSTEM32\kernel.appcore.dll
0x00007ffa881d0000 - 0x00007ffa881da000 	C:\Program Files\Java\jdk-17\bin\jimage.dll
0x00007ffa89160000 - 0x00007ffa893a2000 	C:\WINDOWS\SYSTEM32\DBGHELP.DLL
0x00007ffa8cc90000 - 0x00007ffa8d016000 	C:\WINDOWS\System32\combase.dll
0x00007ffa8da90000 - 0x00007ffa8db66000 	C:\WINDOWS\System32\OLEAUT32.dll
0x00007ffa6b710000 - 0x00007ffa6b74c000 	C:\WINDOWS\SYSTEM32\dbgcore.DLL
0x00007ffa8c320000 - 0x00007ffa8c3c5000 	C:\WINDOWS\System32\bcryptPrimitives.dll
0x00007ffa800d0000 - 0x00007ffa800de000 	C:\Program Files\Java\jdk-17\bin\instrument.dll
0x00007ffa69e80000 - 0x00007ffa69ea5000 	C:\Program Files\Java\jdk-17\bin\java.dll
0x00007ffa42da0000 - 0x00007ffa42e77000 	C:\Program Files\Java\jdk-17\bin\jsvml.dll
0x00007ffa8d120000 - 0x00007ffa8d873000 	C:\WINDOWS\System32\SHELL32.dll
0x00007ffa8bd20000 - 0x00007ffa8be8a000 	C:\WINDOWS\System32\wintypes.dll
0x00007ffa893b0000 - 0x00007ffa89c0e000 	C:\WINDOWS\SYSTEM32\windows.storage.dll
0x00007ffa8d020000 - 0x00007ffa8d115000 	C:\WINDOWS\System32\SHCORE.dll
0x00007ffa8e2d0000 - 0x00007ffa8e336000 	C:\WINDOWS\System32\shlwapi.dll
0x00007ffa8b7f0000 - 0x00007ffa8b819000 	C:\WINDOWS\SYSTEM32\profapi.dll
0x00007ffa7dc10000 - 0x00007ffa7dc28000 	C:\Program Files\Java\jdk-17\bin\zip.dll
0x00007ffa82810000 - 0x00007ffa82829000 	C:\Program Files\Java\jdk-17\bin\net.dll
0x00007ffa82130000 - 0x00007ffa82258000 	C:\WINDOWS\SYSTEM32\WINHTTP.dll
0x00007ffa8aba0000 - 0x00007ffa8ac0b000 	C:\WINDOWS\system32\mswsock.dll
0x00007ffa81140000 - 0x00007ffa81156000 	C:\Program Files\Java\jdk-17\bin\nio.dll
0x00007ffa82cd0000 - 0x00007ffa82ce0000 	C:\Program Files\Java\jdk-17\bin\verify.dll
0x00007ffa5e0f0000 - 0x00007ffa5e117000 	C:\Users\suresh\.gradle\native\1def1411415f61bf3af743bc5b6707747c0891f09f0c88961ee8f79bc544acac\windows-amd64\native-platform.dll
0x00007ffa48860000 - 0x00007ffa488d7000 	C:\Users\suresh\.gradle\native\0.2.8\x86_64-windows-gnu\gradle-fileevents.dll
0x00007ffa86310000 - 0x00007ffa8631a000 	C:\Program Files\Java\jdk-17\bin\management.dll
0x00007ffa862e0000 - 0x00007ffa862eb000 	C:\Program Files\Java\jdk-17\bin\management_ext.dll
0x00007ffa89ff0000 - 0x00007ffa8a024000 	C:\WINDOWS\SYSTEM32\IPHLPAPI.DLL
0x00007ffa8da80000 - 0x00007ffa8da8a000 	C:\WINDOWS\System32\NSI.dll
0x00007ffa83340000 - 0x00007ffa8335e000 	C:\WINDOWS\SYSTEM32\dhcpcsvc6.DLL
0x00007ffa827c0000 - 0x00007ffa827e3000 	C:\WINDOWS\SYSTEM32\dhcpcsvc.DLL
0x00007ffa8a030000 - 0x00007ffa8a15c000 	C:\WINDOWS\SYSTEM32\DNSAPI.dll
0x00007ffa8ae90000 - 0x00007ffa8aeab000 	C:\WINDOWS\SYSTEM32\CRYPTSP.dll
0x00007ffa8a5a0000 - 0x00007ffa8a5da000 	C:\WINDOWS\system32\rsaenh.dll
0x00007ffa8ac50000 - 0x00007ffa8ac7b000 	C:\WINDOWS\SYSTEM32\USERENV.dll
0x00007ffa8b7c0000 - 0x00007ffa8b7ea000 	C:\WINDOWS\SYSTEM32\bcrypt.dll
0x00007ffa8aeb0000 - 0x00007ffa8aebc000 	C:\WINDOWS\SYSTEM32\CRYPTBASE.dll
0x00007ffa70050000 - 0x00007ffa7005e000 	C:\Program Files\Java\jdk-17\bin\sunmscapi.dll
0x00007ffa8b8d0000 - 0x00007ffa8ba47000 	C:\WINDOWS\System32\CRYPT32.dll
0x00007ffa8b0d0000 - 0x00007ffa8b100000 	C:\WINDOWS\SYSTEM32\ncrypt.dll
0x00007ffa8b080000 - 0x00007ffa8b0bf000 	C:\WINDOWS\SYSTEM32\NTASN1.dll
0x00007ffa73090000 - 0x00007ffa73098000 	C:\WINDOWS\system32\wshunix.dll

dbghelp: loaded successfully - version: 4.0.5 - missing functions: none
symbol engine: initialized successfully - sym options: 0x614 - pdb path: .;C:\Program Files\Java\jdk-17\bin;C:\WINDOWS\SYSTEM32;C:\WINDOWS\WinSxS\amd64_microsoft.windows.common-controls_6595b64144ccf1df_6.0.26100.7309_none_3e05feeae336a044;C:\Program Files\Java\jdk-17\bin\server;C:\Users\suresh\.gradle\native\1def1411415f61bf3af743bc5b6707747c0891f09f0c88961ee8f79bc544acac\windows-amd64;C:\Users\suresh\.gradle\native\0.2.8\x86_64-windows-gnu

VM Arguments:
jvm_args: --add-opens=java.base/java.lang=ALL-UNNAMED --add-opens=java.base/java.lang.invoke=ALL-UNNAMED --add-opens=java.base/java.util=ALL-UNNAMED --add-opens=java.prefs/java.util.prefs=ALL-UNNAMED --add-exports=jdk.compiler/com.sun.tools.javac.api=ALL-UNNAMED --add-exports=jdk.compiler/com.sun.tools.javac.util=ALL-UNNAMED --add-opens=java.base/java.util=ALL-UNNAMED --add-opens=java.prefs/java.util.prefs=ALL-UNNAMED --add-opens=java.base/java.nio.charset=ALL-UNNAMED --add-opens=java.base/java.net=ALL-UNNAMED --add-opens=java.base/java.util.concurrent=ALL-UNNAMED --add-opens=java.base/java.util.concurrent.atomic=ALL-UNNAMED --add-opens=java.xml/javax.xml.namespace=ALL-UNNAMED -XX:MaxMetaspaceSize=512m -Xmx2048m -Dfile.encoding=windows-1252 -Duser.country=US -Duser.language=en -Duser.variant -javaagent:C:\Users\suresh\.gradle\wrapper\dists\gradle-9.0.0-bin\d6wjpkvcgsg3oed0qlfss3wgl\gradle-9.0.0\lib\agents\gradle-instrumentation-agent-9.0.0.jar 
java_command: org.gradle.launcher.daemon.bootstrap.GradleDaemon 9.0.0
java_class_path (initial): C:\Users\suresh\.gradle\wrapper\dists\gradle-9.0.0-bin\d6wjpkvcgsg3oed0qlfss3wgl\gradle-9.0.0\lib\gradle-daemon-main-9.0.0.jar
Launcher Type: SUN_STANDARD

[Global flags]
     intx CICompilerCount                          = 12                                        {product} {ergonomic}
   size_t CompressedClassSpaceSize                 = 436207616                                 {product} {ergonomic}
     uint ConcGCThreads                            = 3                                         {product} {ergonomic}
     uint G1ConcRefinementThreads                  = 13                                        {product} {ergonomic}
   size_t G1HeapRegionSize                         = 1048576                                   {product} {ergonomic}
    uintx GCDrainStackTargetSize                   = 64                                        {product} {ergonomic}
   size_t InitialHeapSize                          = 130023424                                 {product} {ergonomic}
   size_t MarkStackSize                            = 4194304                                   {product} {ergonomic}
   size_t MaxHeapSize                              = 2147483648                                {product} {command line}
   size_t MaxMetaspaceSize                         = 536870912                                 {product} {command line}
   size_t MaxNewSize                               = 1287651328                                {product} {ergonomic}
   size_t MinHeapDeltaBytes                        = 1048576                                   {product} {ergonomic}
   size_t MinHeapSize                              = 8388608                                   {product} {ergonomic}
    uintx NonNMethodCodeHeapSize                   = 7602480                                {pd product} {ergonomic}
    uintx NonProfiledCodeHeapSize                  = 122027880                              {pd product} {ergonomic}
    uintx ProfiledCodeHeapSize                     = 122027880                              {pd product} {ergonomic}
    uintx ReservedCodeCacheSize                    = 251658240                              {pd product} {ergonomic}
     bool SegmentedCodeCache                       = true                                      {product} {ergonomic}
   size_t SoftMaxHeapSize                          = 2147483648                             {manageable} {ergonomic}
     bool UseCompressedClassPointers               = true                           {product lp64_product} {ergonomic}
     bool UseCompressedOops                        = true                           {product lp64_product} {ergonomic}
     bool UseG1GC                                  = true                                      {product} {ergonomic}
     bool UseLargePagesIndividualAllocation        = false                                  {pd product} {ergonomic}

Logging:
Log output configuration:
 #0: stdout all=warning uptime,level,tags
 #1: stderr all=off uptime,level,tags

Environment Variables:
JAVA_HOME=C:\Program Files\Java\jdk-17
PATH=E:\Student_App\node_modules\.bin;E:\Student_App\node_modules\.bin;E:\node_modules\.bin;C:\Program Files\nodejs\node_modules\npm\node_modules\@npmcli\run-script\lib\node-gyp-bin;C:\Users\suresh\bin;C:\Program Files\Git\mingw64\bin;C:\Program Files\Git\usr\local\bin;C:\Program Files\Git\usr\bin;C:\Program Files\Git\usr\bin;C:\Program Files\Git\mingw64\bin;C:\Program Files\Git\usr\bin;C:\Users\suresh\bin;C:\Program Files\Common Files\Oracle\Java\javapath;C:\WINDOWS\system32;C:\WINDOWS;C:\WINDOWS\System32\Wbem;C:\WINDOWS\System32\WindowsPowerShell\v1.0;C:\WINDOWS\System32\OpenSSH;D:\Downloads\App.Downloads\apache-maven-3.9.9-bin\apache-maven-3.9.9\bin;C:\Program Files\Java\jdk-17\bin;C:\Program Files\Git\cmd;C:\Program Files\Docker\Docker\resources\bin;C:\Program Files\nodejs;
USERNAME=suresh
SHELL=C:\Program Files\Git\usr\bin\bash.exe
DISPLAY=needs-to-be-defined
LANG=en_US.UTF-8
OS=Windows_NT
PROCESSOR_IDENTIFIER=Intel64 Family 6 Model 154 Stepping 3, GenuineIntel



---------------  S Y S T E M  ---------------

OS:
 Windows 11 , 64 bit Build 26100 (10.0.26100.7623)
OS uptime: 0 days 23:04 hours
Hyper-V role detected

CPU: total 16 (initial active 16) (8 cores per cpu, 2 threads per core) family 6 model 154 stepping 3 microcode 0x42c, cx8, cmov, fxsr, ht, mmx, 3dnowpref, sse, sse2, sse3, ssse3, sse4.1, sse4.2, popcnt, lzcnt, tsc, tscinvbit, avx, avx2, aes, erms, clmul, bmi1, bmi2, adx, sha, fma, vzeroupper, clflush, clflushopt, clwb, hv

Memory: 4k page, system-wide physical 7863M (506M free)
TotalPageFile size 32439M (AvailPageFile size 13M)
current process WorkingSet (physical memory assigned to process): 225M, peak: 226M
current process commit charge ("private bytes"): 311M, peak: 312M

vm_info: Java HotSpot(TM) 64-Bit Server VM (17.0.16+12-LTS-247) for windows-amd64 JRE (17.0.16+12-LTS-247), built on Jun 27 2025 10:11:42 by "mach5one" with MS VC++ 17.6 (VS2022)

END.
